Log file open, 08/04/17 14:14:30
LogInit:Display: Running engine for game: Vikings
LogPlatformFile: Not using cached read wrapper
LogInit:Display: RandInit(1195352) SRandInit(1195352).
LogTaskGraph: Started task graph with 5 named threads and 8 total threads with 1 sets of task threads.
LogStats: Stats thread started at 0.080457
LogInit: Using libcurl 7.47.1
LogInit:  - built for x86_64-pc-win32
LogInit:  - supports SSL with OpenSSL/1.0.2g
LogInit:  - supports HTTP deflate (compression) using libz 1.2.8
LogInit:  - other features:
LogInit:      CURL_VERSION_SSL
LogInit:      CURL_VERSION_LIBZ
LogInit:      CURL_VERSION_IPV6
LogInit:      CURL_VERSION_ASYNCHDNS
LogInit:      CURL_VERSION_LARGEFILE
LogInit:      CURL_VERSION_IDN
LogInit:  CurlRequestOptions (configurable via config and command line):
LogInit:  - bVerifyPeer = false  - Libcurl will NOT verify peer certificate
LogInit:  - bUseHttpProxy = false  - Libcurl will NOT use HTTP proxy
LogInit:  - bDontReuseConnections = false  - Libcurl will reuse connections
LogInit:  - CertBundlePath = nullptr  - Libcurl will use whatever was configured at build time.
LogInit: Build: ++UE4+Release-4.16-CL-3561208
LogInit: Engine Version: 4.16.3-3561208+++UE4+Release-4.16
LogInit: Compatible Engine Version: 4.16.0-3452394+++UE4+Release-4.16
LogInit: Net CL: 3452394
LogDevObjectVersion: Number of dev versions registered: 16
LogDevObjectVersion:   Dev-Blueprints (B0D832E4-1F89-4F0D-ACCF-7EB736FD4AA2): 9
LogDevObjectVersion:   Dev-Build (E1C64328-A22C-4D53-A36C-8E866417BD8C): 0
LogDevObjectVersion:   Dev-Core (375EC13C-06E4-48FB-B500-84F0262A717E): 2
LogDevObjectVersion:   Dev-Editor (E4B068ED-F494-42E9-A231-DA0B2E46BB41): 17
LogDevObjectVersion:   Dev-Framework (CFFC743F-43B0-4480-9391-14DF171D2073): 23
LogDevObjectVersion:   Dev-Mobile (B02B49B5-BB20-44E9-A304-32B752E40360): 0
LogDevObjectVersion:   Dev-Networking (A4E4105C-59A1-49B5-A7C5-40C4547EDFEE): 0
LogDevObjectVersion:   Dev-Online (39C831C9-5AE6-47DC-9A44-9C173E1C8E7C): 0
LogDevObjectVersion:   Dev-Physics (78F01B33-EBEA-4F98-B9B4-84EACCB95AA2): 0
LogDevObjectVersion:   Dev-Platform (6631380F-2D4D-43E0-8009-CF276956A95A): 0
LogDevObjectVersion:   Dev-Rendering (12F88B9F-8875-4AFC-A67C-D90C383ABD29): 15
LogDevObjectVersion:   Dev-Sequencer (7B5AE74C-D270-4C10-A958-57980B212A5A): 4
LogDevObjectVersion:   Dev-VR (D7296918-1DD6-4BDD-9DE2-64A83CC13884): 0
LogDevObjectVersion:   Dev-LoadTimes (C2A15278-BFE7-4AFE-6C17-90FF531DF755): 1
LogDevObjectVersion:   Private-Geometry (6EACA3D4-40EC-4CC1-B786-8BED09428FC5): 1
LogDevObjectVersion:   Dev-AnimPhys (29E575DD-E0A3-4627-9D10-D276232CDCEA): 3
LogInit: Compiled (64-bit): Jul 28 2017 11:49:47
LogInit: Compiled with Visual C++: 19.00.24215.01
LogInit: Build Configuration: Development
LogInit: Branch Name: ++UE4+Release-4.16
LogInit: Command line:  
LogInit: Base directory: C:/Program Files/Epic Games/UE_4.16/Engine/Binaries/Win64/
LogInit: Installed Engine Build: 1
LogInit: Presizing for max 8388607 objects, including 0 objects not considered by GC, pre-allocating 0 bytes for permanent pool.
LogInit: Object subsystem initialized
[2017.08.04-12.14.30:484][  0]LogInit: Selected Device Profile: [Windows]
[2017.08.04-12.14.30:484][  0]LogInit: Applying CVar settings loaded from the selected device profile: [Windows]
[2017.08.04-12.14.30:511][  0]LogInit: Computer: DESKTOP-73BO9IR
[2017.08.04-12.14.30:511][  0]LogInit: User: PalominoStudio2
[2017.08.04-12.14.30:511][  0]LogInit: CPU Page size=4096, Cores=4
[2017.08.04-12.14.30:511][  0]LogInit: High frequency timer resolution =3.328126 MHz
[2017.08.04-12.14.30:511][  0]LogMemory: Memory total: Physical=16.0GB (16GB approx)
[2017.08.04-12.14.30:511][  0]LogMemory: Platform Memory Stats for Windows
[2017.08.04-12.14.30:511][  0]LogMemory: Process Physical Memory: 273.66 MB used, 273.66 MB peak
[2017.08.04-12.14.30:511][  0]LogMemory: Process Virtual Memory: 260.63 MB used, 260.63 MB peak
[2017.08.04-12.14.30:511][  0]LogMemory: Physical Memory: 6428.54 MB used,  9907.47 MB free, 16336.01 MB total
[2017.08.04-12.14.30:511][  0]LogMemory: Virtual Memory: 638.35 MB used,  9907.47 MB free, 134217728.00 MB total
[2017.08.04-12.14.30:571][  0]LogInit: Using OS detected language (fr-FR).
[2017.08.04-12.14.30:571][  0]LogInit: Using OS detected locale (fr-FR).
[2017.08.04-12.14.30:573][  0]LogTextLocalizationManager: No localization for 'fr-FR' exists, so 'en' will be used for the language.
[2017.08.04-12.14.30:573][  0]LogTextLocalizationManager: No localization for 'fr-FR' exists, so 'en' will be used for the locale.
[2017.08.04-12.14.31:296][  0]LogD3D11RHI: D3D11 adapters:
[2017.08.04-12.14.31:328][  0]LogD3D11RHI:    0. 'NVIDIA GeForce GTX 1060 3GB' (Feature Level 11_0)
[2017.08.04-12.14.31:328][  0]LogD3D11RHI:       3019/0/8168 MB DedicatedVideo/DedicatedSystem/SharedSystem, Outputs:1, VendorId:0x10de
[2017.08.04-12.14.31:329][  0]LogD3D11RHI:    1. 'Microsoft Basic Render Driver' (Feature Level 11_0)
[2017.08.04-12.14.31:329][  0]LogD3D11RHI:       0/0/8168 MB DedicatedVideo/DedicatedSystem/SharedSystem, Outputs:0, VendorId:0x1414
[2017.08.04-12.14.31:329][  0]LogD3D11RHI: Chosen D3D11 Adapter: 0
[2017.08.04-12.14.31:333][  0]LogD3D11RHI: Creating new Direct3DDevice
[2017.08.04-12.14.31:333][  0]LogD3D11RHI:     GPU DeviceId: 0x1c02 (for the marketing name, search the web for "GPU Device Id")
[2017.08.04-12.14.31:333][  0]LogWindows: EnumDisplayDevices:
[2017.08.04-12.14.31:333][  0]LogWindows:    0. 'NVIDIA GeForce GTX 1060 3GB' (P:1 D:1)
[2017.08.04-12.14.31:333][  0]LogWindows:    1. 'NVIDIA GeForce GTX 1060 3GB' (P:0 D:0)
[2017.08.04-12.14.31:333][  0]LogWindows:    2. 'NVIDIA GeForce GTX 1060 3GB' (P:0 D:0)
[2017.08.04-12.14.31:333][  0]LogWindows:    3. 'NVIDIA GeForce GTX 1060 3GB' (P:0 D:0)
[2017.08.04-12.14.31:333][  0]LogWindows: DebugString: FoundDriverCount:4 
[2017.08.04-12.14.31:333][  0]LogD3D11RHI:     Adapter Name: NVIDIA GeForce GTX 1060 3GB
[2017.08.04-12.14.31:333][  0]LogD3D11RHI:   Driver Version: 382.05 (internal:22.21.13.8205, unified:382.05)
[2017.08.04-12.14.31:333][  0]LogD3D11RHI:      Driver Date: 5-1-2017
[2017.08.04-12.14.31:333][  0]LogRHI: Texture pool is 1361 MB (70% of 1945 MB)
[2017.08.04-12.14.31:356][  0]LogD3D11RHI: Async texture creation enabled
[2017.08.04-12.14.31:366][  0]LogD3D11RHI: GPU Timing Frequency: 1000.000000 (Debug: 2 1)
[2017.08.04-12.14.31:413][  0]LogShaderCompilers: Guid format shader working directory is -20 characters bigger than the processId version (../../../../../../Users/Palomino Studio 2/Documents/GitHub/VikLeViking/Vikings/Intermediate/Shaders/WorkingDirectory/5416/).
[2017.08.04-12.14.31:413][  0]LogShaderCompilers: Cleaned the shader compiler working directory 'C:/Users/Palomino Studio 2/AppData/Local/Temp/UnrealShaderWorkingDir/9EBCEDEC4F49CF07029DD1962BD9EAA9/'.
[2017.08.04-12.14.31:413][  0]LogShaderCompilers:Display: Using Local Shader Compiler.
[2017.08.04-12.14.32:200][  0]LogTemp:Display: Loaded TP AllDesktopTargetPlatform
[2017.08.04-12.14.32:238][  0]LogTemp:Display: Loaded TP MacClientTargetPlatform
[2017.08.04-12.14.32:277][  0]LogTemp:Display: Loaded TP MacNoEditorTargetPlatform
[2017.08.04-12.14.32:315][  0]LogTemp:Display: Loaded TP MacServerTargetPlatform
[2017.08.04-12.14.32:353][  0]LogTemp:Display: Loaded TP MacTargetPlatform
[2017.08.04-12.14.32:393][  0]LogTemp:Display: Loaded TP WindowsClientTargetPlatform
[2017.08.04-12.14.32:431][  0]LogTemp:Display: Loaded TP WindowsNoEditorTargetPlatform
[2017.08.04-12.14.32:468][  0]LogTemp:Display: Loaded TP WindowsServerTargetPlatform
[2017.08.04-12.14.32:502][  0]LogTemp:Display: Loaded TP WindowsTargetPlatform
[2017.08.04-12.14.32:538][  0]LogTemp:Display: Loaded TP AndroidTargetPlatform
[2017.08.04-12.14.32:577][  0]LogTemp:Display: Loaded TP Android_ASTCTargetPlatform
[2017.08.04-12.14.32:613][  0]LogTemp:Display: Loaded TP Android_ATCTargetPlatform
[2017.08.04-12.14.32:649][  0]LogTemp:Display: Loaded TP Android_DXTTargetPlatform
[2017.08.04-12.14.32:686][  0]LogTemp:Display: Loaded TP Android_ETC1TargetPlatform
[2017.08.04-12.14.32:723][  0]LogTemp:Display: Loaded TP Android_ETC2TargetPlatform
[2017.08.04-12.14.32:799][  0]LogTemp:Display: Loaded TP Android_MultiTargetPlatform
[2017.08.04-12.14.32:799][  0]LogTemp:Display: Loaded TP Android_PVRTCTargetPlatform
[2017.08.04-12.14.32:827][  0]LogTemp:Display: Loaded TP HTML5TargetPlatform
[2017.08.04-12.14.32:903][  0]LogTemp:Display: Loaded TP IOSTargetPlatform
[2017.08.04-12.14.32:944][  0]LogTemp:Display: Loaded TP TVOSTargetPlatform
[2017.08.04-12.14.32:980][  0]LogTemp:Display: Loaded TP LinuxClientTargetPlatform
[2017.08.04-12.14.33:019][  0]LogTemp:Display: Loaded TP LinuxNoEditorTargetPlatform
[2017.08.04-12.14.33:055][  0]LogTemp:Display: Loaded TP LinuxServerTargetPlatform
[2017.08.04-12.14.33:093][  0]LogTemp:Display: Loaded TP LinuxTargetPlatform
[2017.08.04-12.14.33:093][  0]LogTargetPlatformManager:Display: Building Assets For Windows
[2017.08.04-12.14.33:477][  0]LogDerivedDataCache:Display: Max Cache Size: 512 MB
[2017.08.04-12.14.33:552][  0]LogDerivedDataCache: Loaded boot cache 0.08s 90MB C:/Users/Palomino Studio 2/AppData/Local/UnrealEngine/4.16/DerivedDataCache/Boot.ddc.
[2017.08.04-12.14.33:552][  0]LogDerivedDataCache:Display: Loaded Boot cache: C:/Users/Palomino Studio 2/AppData/Local/UnrealEngine/4.16/DerivedDataCache/Boot.ddc
[2017.08.04-12.14.33:552][  0]LogDerivedDataCache: FDerivedDataBackendGraph:  Pak pak cache file ../../../../../../Users/Palomino Studio 2/Documents/GitHub/VikLeViking/Vikings/DerivedDataCache/DDC.ddp not found, will not use a pak cache.
[2017.08.04-12.14.33:552][  0]LogDerivedDataCache: Unable to find inner node Pak for hierarchical cache Hierarchy.
[2017.08.04-12.14.33:553][  0]LogDerivedDataCache: FDerivedDataBackendGraph:  CompressedPak pak cache file ../../../../../../Users/Palomino Studio 2/Documents/GitHub/VikLeViking/Vikings/DerivedDataCache/Compressed.ddp not found, will not use a pak cache.
[2017.08.04-12.14.33:553][  0]LogDerivedDataCache: Unable to find inner node CompressedPak for hierarchical cache Hierarchy.
[2017.08.04-12.14.33:565][  0]LogDerivedDataCache:Display: Pak cache opened for reading ../../../Engine/DerivedDataCache/Compressed.ddp.
[2017.08.04-12.14.33:578][  0]LogDerivedDataCache: Using Local data cache path C:/Users/Palomino Studio 2/AppData/Local/UnrealEngine/Common/DerivedDataCache: Writable
[2017.08.04-12.14.33:586][  0]LogMaterial: Verifying Global Shaders for PCD3D_SM5
[2017.08.04-12.14.33:586][  0]LogSlate: Using Freetype 2.6.0
[2017.08.04-12.14.33:586][  0]LogSlate: SlateFontCache - WITH_FREETYPE: 1, WITH_HARFBUZZ: 1
[2017.08.04-12.14.33:586][  0]LogSlate: SlateFontCache - WITH_FREETYPE: 1, WITH_HARFBUZZ: 1
[2017.08.04-12.14.33:833][  0]LogInit: Selected Device Profile: [Windows]
[2017.08.04-12.14.33:894][  0]LogContentStreaming: Texture pool size is 0.00 MB
[2017.08.04-12.14.34:016][  0]LogMeshUtilities: Using QuadricMeshReduction for automatic static mesh reduction
[2017.08.04-12.14.34:049][  0]LogSimplygon: Simplygon DLL not present - disabling.
[2017.08.04-12.14.34:084][  0]LogMeshUtilities: Using SimplygonSwarm for distributed automatic mesh merging
[2017.08.04-12.14.34:084][  0]LogMeshUtilities: No automatic skeletal mesh reduction module available
[2017.08.04-12.14.34:084][  0]LogMeshUtilities: No automatic mesh merging module available
[2017.08.04-12.14.34:517][  0]LogNetVersion: Vikings , NetCL: 3452394, EngineNetVer: 2, GameNetVer: 0 (Checksum: 2999348607)
[2017.08.04-12.14.34:570][  0]LogAssetRegistry: FAssetRegistry took 0.0248 seconds to start up
[2017.08.04-12.14.34:610][  0]LogPackageLocalizationCache: Processed 4 localized package path(s) for 1 prioritized culture(s) in 0.019582 seconds
[2017.08.04-12.14.34:614][  0]LogUObjectArray: 34194 objects as part of root set at end of initial load.
[2017.08.04-12.14.34:614][  0]LogUObjectAllocator: 7260416 out of 0 bytes used by permanent object pool.
[2017.08.04-12.14.34:614][  0]LogUObjectArray: CloseDisregardForGC: 0/0 objects in disregard for GC pool
[2017.08.04-12.14.34:661][  0]LogInit: WinSock: version 1.1 (2.2), MaxSocks=32767, MaxUdp=65467
[2017.08.04-12.14.36:468][  0]LogTcpMessaging: Initializing TcpMessaging bridge
[2017.08.04-12.14.36:500][  0]LogUdpMessaging: Initializing bridge on interface 0.0.0.0:0 to multicast group 230.0.0.1:6666.
[2017.08.04-12.14.36:900][  0]LogMaterial: Uniform references updated for custom material expression Custom.
[2017.08.04-12.14.37:201][  0]SourceControl: Info Source control is disabled
[2017.08.04-12.14.37:227][  0]SourceControl: Info Source control is disabled
[2017.08.04-12.14.37:267][  0]SourceControl: Info Source control is disabled
[2017.08.04-12.14.37:319][  0]SourceControl: Info Source control is disabled
[2017.08.04-12.14.37:507][  0]LogLinker:Warning: Can't find file '/Game/FirstPersonBP/FirstPersonOverview'
[2017.08.04-12.14.37:507][  0]LogLinker:Warning: Can't find file '/Game/FirstPersonBP/FirstPersonOverview'
[2017.08.04-12.14.37:507][  0]LogUObjectGlobals:Warning: Failed to find object 'Class /Game/FirstPersonBP/FirstPersonOverview.FirstPersonOverview_C'
[2017.08.04-12.14.37:806][  0]LogAndroidPermission: UAndroidPermissionCallbackProxy::GetInstance
[2017.08.04-12.14.38:260][  0]LogEngine: Initializing Engine...
[2017.08.04-12.14.38:260][  0]LogHMD: Failed to initialize OpenVR with code 110
[2017.08.04-12.14.38:431][  0]LogStats: UGameplayTagsManager::ConstructGameplayTagTree: Construct from data asset -  0.000 s
[2017.08.04-12.14.38:431][  0]LogStats: UGameplayTagsManager::ConstructGameplayTagTree: GameplayTagTreeChangedEvent.Broadcast -  0.000 s
[2017.08.04-12.14.38:524][  0]LogAIModule: Creating AISystem for world Untitled
[2017.08.04-12.14.38:531][  0]LogInit: XAudio2 using 'Haut-parleurs (Realtek High Definition Audio)' : 2 channels at 48 kHz using 32 bits per sample (channel mask 0x3)
[2017.08.04-12.14.38:553][  0]LogInit: FAudioDevice initialized.
[2017.08.04-12.14.38:587][  0]LogDerivedDataCache: Saved boot cache 0.03s 90MB C:/Users/Palomino Studio 2/AppData/Local/UnrealEngine/4.16/DerivedDataCache/Boot.ddc.
[2017.08.04-12.14.38:599][  0]LogInit: Texture streaming: Enabled
[2017.08.04-12.14.38:672][  0]LogEngineSessionManager: EngineSessionManager initialized
[2017.08.04-12.14.38:833][  0]LogInit: Transaction tracking system initialized
[2017.08.04-12.14.39:066][  0]BlueprintLog: New page: Editor Load
[2017.08.04-12.14.39:759][  0]LocalizationService: Info Localization service is disabled
[2017.08.04-12.14.40:275][  0]LogConsoleResponse:Display: 
[2017.08.04-12.14.40:396][  0]LogCook:Display: Max memory allowance for cook 16384mb min free memory 0mb
[2017.08.04-12.14.40:396][  0]LogCook:Display: Mobile HDR setting 1
[2017.08.04-12.14.41:155][  0]LogFileCache: Scanning file cache for directory 'C:/Users/Palomino Studio 2/Documents/GitHub/VikLeViking/Vikings/Content/' took 0.02s
[2017.08.04-12.14.41:155][  0]SourceControl: Info Source control is disabled
[2017.08.04-12.14.41:156][  0]Cmd: MAP LOAD FILE="../../../../../../Users/Palomino Studio 2/Documents/GitHub/VikLeViking/Vikings/Content/SideScrollerBP/Maps/SideScrollerExampleMap.umap" TEMPLATE=0 SHOWPROGRESS=1 FEATURELEVEL=3
[2017.08.04-12.14.41:160][  0]LightingResults: New page: Lighting Build
[2017.08.04-12.14.41:191][  0]MapCheck: New page: Map Check
[2017.08.04-12.14.41:191][  0]LightingResults: New page: Lighting Build
[2017.08.04-12.14.41:718][  0]LogAIModule: Creating AISystem for world SideScrollerExampleMap
[2017.08.04-12.14.41:728][  0]LogEditorServer: Finished looking for orphan Actors (0.000 secs)
[2017.08.04-12.14.41:739][  0]Cmd: MAP CHECKDEP NOCLEARLOG
[2017.08.04-12.14.41:776][  0]MapCheck: Info Map check complete: 0 Error(s), 0 Warning(s), took 36.636ms to complete.
[2017.08.04-12.14.41:776][  0]LogFileHelpers: Loading map 'SideScrollerExampleMap' took 0.620
[2017.08.04-12.14.41:887][  0]LogCollectionManager: Loaded 0 collections in 0.001105 seconds
[2017.08.04-12.14.41:953][  0]LogFileCache: Scanning file cache for directory 'C:/Users/Palomino Studio 2/Documents/GitHub/VikLeViking/Vikings/Saved/Collections/' took 0.01s
[2017.08.04-12.14.41:953][  0]LogFileCache: Scanning file cache for directory 'C:/Users/Palomino Studio 2/Documents/GitHub/VikLeViking/Vikings/Content/Developers/PalominoStudio2/Collections/' took 0.01s
[2017.08.04-12.14.41:953][  0]LogFileCache: Scanning file cache for directory 'C:/Users/Palomino Studio 2/Documents/GitHub/VikLeViking/Vikings/Content/Collections/' took 0.01s
[2017.08.04-12.14.41:953][  0]LogCollectionManager: Rebuilt the GUID cache for 0 collections in 0.000001 seconds
[2017.08.04-12.14.41:961][  0]LogContentBrowser: Native class hierarchy populated in 0.0070 seconds. Added 2329 classes and 491 folders.
[2017.08.04-12.14.42:010][  0]LogContentBrowser: Native class hierarchy updated for 'WidgetCarousel' in 0.0004 seconds. Added 0 classes and 0 folders.
[2017.08.04-12.14.42:037][  0]LogContentBrowser: Native class hierarchy updated for 'AddContentDialog' in 0.0004 seconds. Added 0 classes and 0 folders.
[2017.08.04-12.14.42:070][  0]LogContentBrowser: Native class hierarchy updated for 'SceneOutliner' in 0.0004 seconds. Added 1 classes and 2 folders.
[2017.08.04-12.14.42:105][  0]LogCrashTracker: Crashtracker disabled due to settings.
[2017.08.04-12.14.42:834][  0]LogSlate: Only BGRA pngs, bmps or icos are supported in by External Image Picker
[2017.08.04-12.14.42:847][  0]LogSlate: Took 0.000297 seconds to synchronously load lazily loaded font '../../../Engine/Content/Slate/Fonts/Roboto-Regular.ttf' (155K)
[2017.08.04-12.14.42:849][  0]LogSlate: Took 0.000148 seconds to synchronously load lazily loaded font '../../../Engine/Content/Slate/Fonts/Roboto-Bold.ttf' (160K)
[2017.08.04-12.14.42:855][  0]LogTemp: Executing iPhonePackager certificates Engine -bundlename com.YourCompany.Vikings
[2017.08.04-12.14.42:855][  0]LogTemp: CWD: C:\Program Files\Epic Games\UE_4.16\Engine\Binaries\DotNET\IOS
[2017.08.04-12.14.42:855][  0]LogTemp: Initial Dir: C:\Program Files\Epic Games\UE_4.16
[2017.08.04-12.14.42:855][  0]LogTemp: Env CWD: C:\Program Files\Epic Games\UE_4.16\Engine\Binaries\DotNET\IOS
[2017.08.04-12.14.42:855][  0]LogSlate: Took 0.000212 seconds to synchronously load lazily loaded font '../../../Engine/Content/Editor/Slate/Fonts/FontAwesome.ttf' (139K)
[2017.08.04-12.14.42:939][  0]LogTemp: BranchPath = DESKTOP-73BO9IR/C/Program Files/Epic Games/UE_4.16/Engine/Binaries --- GameBranchPath = DESKTOP-73BO9IR/C/Program Files/Epic Games/UE_4.16/Engine/Binaries
[2017.08.04-12.14.42:939][  0]LogTemp: IPP ERROR: Could not find provision directory 'C:\Users\Palomino Studio 2\AppData\Local/Apple Computer/MobileDevice/Provisioning Profiles/'.
[2017.08.04-12.14.42:939][  0]LogRenderer: Reallocating scene render targets to support 1208x576 NumSamples 1 (Frame:1).
[2017.08.04-12.14.43:047][  0]LogUObjectGlobals:Warning: Failed to find object 'Class None.'
[2017.08.04-12.14.43:105][  0]LogContentBrowser: Native class hierarchy updated for 'HierarchicalLODOutliner' in 0.0006 seconds. Added 1 classes and 2 folders.
[2017.08.04-12.14.43:106][  0]LogLoad: (Engine Initialization) Total time: 13.99 seconds
[2017.08.04-12.14.43:106][  0]LogLoad: (Engine Initialization) Total Blueprint compile time: 0.10 seconds
[2017.08.04-12.14.43:106][  0]LogExternalProfiler: No external profilers were discovered.  External profiling features will not be available.
[2017.08.04-12.14.43:118][  0]LogWindowsTextInputMethodSystem:Display: IME system now deactivated.
[2017.08.04-12.14.43:118][  0]LogOcInput: OculusInput pre-init called
[2017.08.04-12.14.43:118][  0]LogHMD: Starting GearVRController plugin
[2017.08.04-12.14.43:131][  0]LogAssetRegistry: Asset discovery search completed in 8.5830 seconds
[2017.08.04-12.14.43:132][  0]LogCollectionManager: Rebuilt the object cache for 0 collections in 0.000000 seconds (found 0 objects)
[2017.08.04-12.14.43:132][  0]LogCollectionManager: Fixed up redirectors for 0 collections in 0.000019 seconds (updated 0 objects)
[2017.08.04-12.14.43:133][  0]LogContentStreaming: Texture pool size now 1000 MB
[2017.08.04-12.14.43:154][  0]LogSlate: Took 0.000139 seconds to synchronously load lazily loaded font '../../../Engine/Content/Slate/Fonts/Roboto-Light.ttf' (159K)
[2017.08.04-12.15.02:212][273]LogSlate: Took 0.000110 seconds to synchronously load lazily loaded font '../../../Engine/Content/Slate/Fonts/Roboto-Light.ttf' (159K)
[2017.08.04-12.15.02:499][273]LogContentBrowser: Native class hierarchy updated for 'BlueprintGraph' in 0.0007 seconds. Added 112 classes and 0 folders.
[2017.08.04-12.15.02:941][273]LogSlate: Took 0.000097 seconds to synchronously load lazily loaded font '../../../Engine/Content/Slate/Fonts/Roboto-Regular.ttf' (155K)
[2017.08.04-12.15.02:990][273]LogSlate: Took 0.000143 seconds to synchronously load lazily loaded font '../../../Engine/Content/Editor/Slate/Fonts/Roboto-BoldCondensed.ttf' (158K)
[2017.08.04-12.15.03:057][274]LogSlate: Took 0.000197 seconds to synchronously load lazily loaded font '../../../Engine/Content/Editor/Slate/Fonts/Roboto-Italic.ttf' (157K)
[2017.08.04-12.16.14:013][585]BlueprintLog: New page: Compile SideScrollerCharacter
[2017.08.04-12.16.39:986][646]LogContentBrowser: Native class hierarchy updated for 'SkeletonEditor' in 0.0005 seconds. Added 1 classes and 2 folders.
[2017.08.04-12.16.40:088][646]LogActorComponent: RegisterComponentWithWorld: (/Engine/Transient.World_7:PersistentLevel.Actor_0.DebugSkelMeshComponent_0) Already registered. Aborting.
[2017.08.04-12.16.40:251][646]LogSkeletalMesh: USkeletalMeshComponent::InitArticulated : Bodies already created (/Engine/Transient.World_7:PersistentLevel.Actor_0.DebugSkelMeshComponent_0) - call TermArticulated first.
[2017.08.04-12.16.40:496][646]LogContentBrowser: Native class hierarchy updated for 'ClothingSystemEditorInterface' in 0.0004 seconds. Added 1 classes and 0 folders.
[2017.08.04-12.16.45:434][236]LogTemp: Repeting last play command: Selected Viewport
[2017.08.04-12.16.45:471][236]LogBlueprintUserMessages: Early PlayInEditor Detection: Level '/Game/SideScrollerBP/Maps/SideScrollerExampleMap.SideScrollerExampleMap:PersistentLevel' has LevelScriptBlueprint '/Game/SideScrollerBP/Maps/SideScrollerExampleMap.SideScrollerExampleMap:PersistentLevel.SideScrollerExampleMap' with GeneratedClass '/Game/SideScrollerBP/Maps/SideScrollerExampleMap.SideScrollerExampleMap_C' with ClassGeneratedBy '/Game/SideScrollerBP/Maps/SideScrollerExampleMap.SideScrollerExampleMap:PersistentLevel.SideScrollerExampleMap'
[2017.08.04-12.16.45:471][236]LogPlayLevel: PlayLevel: No blueprints needed recompiling
[2017.08.04-12.16.45:472][236]PIE: New page: PIE session: SideScrollerExampleMap (Aug 4, 2017, 4:16:45 PM)
[2017.08.04-12.16.45:472][236]LogPlayLevel: Creating play world package: /Game/SideScrollerBP/Maps/UEDPIE_0_SideScrollerExampleMap
[2017.08.04-12.16.45:496][236]LogPlayLevel: PIE: StaticDuplicateObject took: (0.023927s)
[2017.08.04-12.16.45:497][236]LogAIModule: Creating AISystem for world SideScrollerExampleMap
[2017.08.04-12.16.45:497][236]LogPlayLevel: PIE: World Init took: (0.001095s)
[2017.08.04-12.16.45:497][236]LogPlayLevel: PIE: Created PIE world by copying editor world from /Game/SideScrollerBP/Maps/SideScrollerExampleMap.SideScrollerExampleMap to /Game/SideScrollerBP/Maps/UEDPIE_0_SideScrollerExampleMap.SideScrollerExampleMap (0.025217s)
[2017.08.04-12.16.45:515][236]LogInit: XAudio2 using 'Haut-parleurs (Realtek High Definition Audio)' : 2 channels at 48 kHz using 32 bits per sample (channel mask 0x3)
[2017.08.04-12.16.45:524][236]LogInit: FAudioDevice initialized.
[2017.08.04-12.16.45:570][236]LogLoad: Game class is 'SideScrollerGameMode_C'
[2017.08.04-12.16.45:574][236]LogWorld: Bringing World /Game/SideScrollerBP/Maps/UEDPIE_0_SideScrollerExampleMap.SideScrollerExampleMap up for play (max tick rate 0) at 2017.08.04-14.16.45
[2017.08.04-12.16.45:574][236]LogWorld: Bringing up level for play took: 0.002342
[2017.08.04-12.16.45:607][236]LogContentBrowser: Native class hierarchy updated for 'MovieSceneCapture' in 0.0005 seconds. Added 11 classes and 0 folders.
[2017.08.04-12.16.45:607][236]LogBlueprintUserMessages: [SideScrollerCharacter_78] Hello le jeu commence
[2017.08.04-12.16.45:608][236]PIE: Info Play in editor start time for /Game/SideScrollerBP/Maps/UEDPIE_0_SideScrollerExampleMap 0.553
[2017.08.04-12.16.45:609][236]LogBlueprintUserMessages: Late PlayInEditor Detection: Level '/Game/SideScrollerBP/Maps/SideScrollerExampleMap.SideScrollerExampleMap:PersistentLevel' has LevelScriptBlueprint '/Game/SideScrollerBP/Maps/SideScrollerExampleMap.SideScrollerExampleMap:PersistentLevel.SideScrollerExampleMap' with GeneratedClass '/Game/SideScrollerBP/Maps/SideScrollerExampleMap.SideScrollerExampleMap_C' with ClassGeneratedBy '/Game/SideScrollerBP/Maps/SideScrollerExampleMap.SideScrollerExampleMap:PersistentLevel.SideScrollerExampleMap'
[2017.08.04-12.16.45:636][236]LogRenderer: Reallocating scene render targets to support 1292x756 NumSamples 1 (Frame:1).
[2017.08.04-12.16.47:737][483]LogBlueprintUserMessages: Early EndPlayMap Detection: Level '/Game/SideScrollerBP/Maps/SideScrollerExampleMap.SideScrollerExampleMap:PersistentLevel' has LevelScriptBlueprint '/Game/SideScrollerBP/Maps/SideScrollerExampleMap.SideScrollerExampleMap:PersistentLevel.SideScrollerExampleMap' with GeneratedClass '/Game/SideScrollerBP/Maps/SideScrollerExampleMap.SideScrollerExampleMap_C' with ClassGeneratedBy '/Game/SideScrollerBP/Maps/SideScrollerExampleMap.SideScrollerExampleMap:PersistentLevel.SideScrollerExampleMap'
[2017.08.04-12.16.47:781][483]LogBlueprintUserMessages: Late EndPlayMap Detection: Level '/Game/SideScrollerBP/Maps/SideScrollerExampleMap.SideScrollerExampleMap:PersistentLevel' has LevelScriptBlueprint '/Game/SideScrollerBP/Maps/SideScrollerExampleMap.SideScrollerExampleMap:PersistentLevel.SideScrollerExampleMap' with GeneratedClass '/Game/SideScrollerBP/Maps/SideScrollerExampleMap.SideScrollerExampleMap_C' with ClassGeneratedBy '/Game/SideScrollerBP/Maps/SideScrollerExampleMap.SideScrollerExampleMap:PersistentLevel.SideScrollerExampleMap'
[2017.08.04-12.17.59:564][ 64]BlueprintLog: New page: Compile ThirdPerson_AnimBP
[2017.08.04-12.18.52:872][431]LogEditorTransaction: Undo Create Pin Link
[2017.08.04-12.18.52:959][431]LogActorComponent: RegisterComponentWithWorld: (/Engine/Transient.World_7:PersistentLevel.Actor_0.DebugSkelMeshComponent_0) Already registered. Aborting.
[2017.08.04-12.18.52:967][431]LogSlate: Took 0.000211 seconds to synchronously load lazily loaded font '../../../Engine/Content/Slate/Fonts/Roboto-Light.ttf' (159K)
[2017.08.04-12.18.53:311][472]LogEditorTransaction: Undo Create Pin Link
[2017.08.04-12.18.53:401][472]LogActorComponent: RegisterComponentWithWorld: (/Engine/Transient.World_7:PersistentLevel.Actor_0.DebugSkelMeshComponent_0) Already registered. Aborting.
[2017.08.04-12.18.53:781][516]LogEditorTransaction: Undo Move Node
[2017.08.04-12.18.53:868][516]LogActorComponent: RegisterComponentWithWorld: (/Engine/Transient.World_7:PersistentLevel.Actor_0.DebugSkelMeshComponent_0) Already registered. Aborting.
[2017.08.04-12.18.54:315][569]LogEditorTransaction: Undo Move Node
[2017.08.04-12.18.54:403][569]LogActorComponent: RegisterComponentWithWorld: (/Engine/Transient.World_7:PersistentLevel.Actor_0.DebugSkelMeshComponent_0) Already registered. Aborting.
[2017.08.04-12.18.54:741][609]LogEditorTransaction: Undo Move Node
[2017.08.04-12.18.54:830][609]LogActorComponent: RegisterComponentWithWorld: (/Engine/Transient.World_7:PersistentLevel.Actor_0.DebugSkelMeshComponent_0) Already registered. Aborting.
[2017.08.04-12.18.55:152][647]LogEditorTransaction: Undo Move Node
[2017.08.04-12.18.55:239][647]LogActorComponent: RegisterComponentWithWorld: (/Engine/Transient.World_7:PersistentLevel.Actor_0.DebugSkelMeshComponent_0) Already registered. Aborting.
[2017.08.04-12.18.55:572][686]LogEditorTransaction: Undo Rename Node
[2017.08.04-12.18.55:660][686]LogActorComponent: RegisterComponentWithWorld: (/Engine/Transient.World_7:PersistentLevel.Actor_0.DebugSkelMeshComponent_0) Already registered. Aborting.
[2017.08.04-12.18.56:033][730]LogEditorTransaction: Undo Add Node
[2017.08.04-12.18.56:121][730]LogActorComponent: RegisterComponentWithWorld: (/Engine/Transient.World_7:PersistentLevel.Actor_0.DebugSkelMeshComponent_0) Already registered. Aborting.
[2017.08.04-12.18.56:476][772]LogEditorTransaction: Undo Move Node
[2017.08.04-12.18.56:564][772]LogActorComponent: RegisterComponentWithWorld: (/Engine/Transient.World_7:PersistentLevel.Actor_0.DebugSkelMeshComponent_0) Already registered. Aborting.
[2017.08.04-12.18.56:910][813]LogEditorTransaction: Undo Move Node
[2017.08.04-12.18.56:998][813]LogActorComponent: RegisterComponentWithWorld: (/Engine/Transient.World_7:PersistentLevel.Actor_0.DebugSkelMeshComponent_0) Already registered. Aborting.
[2017.08.04-12.18.57:335][853]LogEditorTransaction: Undo Create Pin Link
[2017.08.04-12.18.57:425][853]LogActorComponent: RegisterComponentWithWorld: (/Engine/Transient.World_7:PersistentLevel.Actor_0.DebugSkelMeshComponent_0) Already registered. Aborting.
[2017.08.04-12.18.57:780][895]LogEditorTransaction: Undo Move Node
[2017.08.04-12.18.57:867][895]LogActorComponent: RegisterComponentWithWorld: (/Engine/Transient.World_7:PersistentLevel.Actor_0.DebugSkelMeshComponent_0) Already registered. Aborting.
[2017.08.04-12.18.58:239][939]LogEditorTransaction: Undo Add Node
[2017.08.04-12.18.58:329][939]LogActorComponent: RegisterComponentWithWorld: (/Engine/Transient.World_7:PersistentLevel.Actor_0.DebugSkelMeshComponent_0) Already registered. Aborting.
[2017.08.04-12.18.59:292][ 54]LogEditorTransaction: Undo Create Pin Link
[2017.08.04-12.18.59:374][ 54]LogActorComponent: RegisterComponentWithWorld: (/Engine/Transient.World_7:PersistentLevel.Actor_0.DebugSkelMeshComponent_0) Already registered. Aborting.
[2017.08.04-12.18.59:769][101]LogEditorTransaction: Undo Rename Node
[2017.08.04-12.18.59:857][101]LogActorComponent: RegisterComponentWithWorld: (/Engine/Transient.World_7:PersistentLevel.Actor_0.DebugSkelMeshComponent_0) Already registered. Aborting.
[2017.08.04-12.19.00:278][151]LogEditorTransaction: Undo Rename Node
[2017.08.04-12.19.00:367][151]LogActorComponent: RegisterComponentWithWorld: (/Engine/Transient.World_7:PersistentLevel.Actor_0.DebugSkelMeshComponent_0) Already registered. Aborting.
[2017.08.04-12.19.01:081][236]LogEditorTransaction: Undo Add Node
[2017.08.04-12.19.01:168][236]LogActorComponent: RegisterComponentWithWorld: (/Engine/Transient.World_7:PersistentLevel.Actor_0.DebugSkelMeshComponent_0) Already registered. Aborting.
[2017.08.04-12.19.03:280][489]BlueprintLog: New page: Compile ThirdPerson_AnimBP
[2017.08.04-12.21.15:776][358]Cmd: TRANSACTION UNDO
[2017.08.04-12.21.15:776][358]LogEditorTransaction: Undo Delete current selection
[2017.08.04-12.21.15:862][358]LogActorComponent: RegisterComponentWithWorld: (/Engine/Transient.World_7:PersistentLevel.Actor_0.DebugSkelMeshComponent_0) Already registered. Aborting.
[2017.08.04-12.21.17:040][497]Cmd: TRANSACTION UNDO
[2017.08.04-12.21.17:040][497]LogEditorTransaction: Undo Create Pin Link
[2017.08.04-12.21.17:123][497]LogActorComponent: RegisterComponentWithWorld: (/Engine/Transient.World_7:PersistentLevel.Actor_0.DebugSkelMeshComponent_0) Already registered. Aborting.
[2017.08.04-12.21.18:697][685]Cmd: TRANSACTION UNDO
[2017.08.04-12.21.18:697][685]LogEditorTransaction: Undo Create Pin Link
[2017.08.04-12.21.18:776][685]LogActorComponent: RegisterComponentWithWorld: (/Engine/Transient.World_7:PersistentLevel.Actor_0.DebugSkelMeshComponent_0) Already registered. Aborting.
[2017.08.04-12.21.19:184][733]Cmd: TRANSACTION UNDO
[2017.08.04-12.21.19:184][733]LogEditorTransaction: Undo Delete current selection
[2017.08.04-12.21.19:272][733]LogActorComponent: RegisterComponentWithWorld: (/Engine/Transient.World_7:PersistentLevel.Actor_0.DebugSkelMeshComponent_0) Already registered. Aborting.
[2017.08.04-12.21.19:412][749]Cmd: TRANSACTION UNDO
[2017.08.04-12.21.19:412][749]LogEditorTransaction: Undo Create Pin Link
[2017.08.04-12.21.19:491][749]LogActorComponent: RegisterComponentWithWorld: (/Engine/Transient.World_7:PersistentLevel.Actor_0.DebugSkelMeshComponent_0) Already registered. Aborting.
[2017.08.04-12.21.19:580][759]Cmd: TRANSACTION UNDO
[2017.08.04-12.21.19:580][759]LogEditorTransaction: Undo Create Pin Link
[2017.08.04-12.21.19:660][759]LogActorComponent: RegisterComponentWithWorld: (/Engine/Transient.World_7:PersistentLevel.Actor_0.DebugSkelMeshComponent_0) Already registered. Aborting.
[2017.08.04-12.22.10:471][830]LogActorComponent: RegisterComponentWithWorld: (/Engine/Transient.World_10:PersistentLevel.Actor_1.DebugSkelMeshComponent_2) Already registered. Aborting.
[2017.08.04-12.22.10:491][830]LogSkeletalMesh: USkeletalMeshComponent::InitArticulated : Bodies already created (/Engine/Transient.World_10:PersistentLevel.Actor_1.DebugSkelMeshComponent_2) - call TermArticulated first.
[2017.08.04-12.22.10:724][830]LogContentBrowser:Verbose: The majority of assets in the view are of type: AnimSequence
[2017.08.04-12.23.07:450][585]BlueprintLog: New page: Compile SideScrollerCharacter
[2017.08.04-12.23.07:729][585]LogStats: FPlatformStackWalk::StackWalkAndDump -  0.191 s
[2017.08.04-12.23.07:729][585]LogOutputDevice:Error: === Handled ensure: ===
[2017.08.04-12.23.07:729][585]LogOutputDevice:Error: 
[2017.08.04-12.23.07:729][585]LogOutputDevice:Error: Ensure condition failed: ToPin->LinkedTo.Contains(this) [File:D:\Build\++UE4+Release-4.16+Compile\Sync\Engine\Source\Runtime\Engine\Private\EdGraph\EdGraphPin.cpp] [Line: 333]
[2017.08.04-12.23.07:729][585]LogOutputDevice:Error: UEdGraphPin::BreakLinkTo Pin 'Entry' on node 'Default' not reciprocally linked with pin 'In' on node '(null)'
[2017.08.04-12.23.07:729][585]LogOutputDevice:Error: Stack: 
[2017.08.04-12.23.07:729][585]LogOutputDevice:Error: UE4Editor-Core.dll!0x000000004584E2B6
[2017.08.04-12.23.07:729][585]LogOutputDevice:Error: UE4Editor-Core.dll!0x00000000455FB8C2
[2017.08.04-12.23.07:729][585]LogOutputDevice:Error: UE4Editor-Core.dll!0x0000000045611E86
[2017.08.04-12.23.07:729][585]LogOutputDevice:Error: UE4Editor-Engine.dll!0x000000002EB8FFB3
[2017.08.04-12.23.07:729][585]LogOutputDevice:Error: UE4Editor-Engine.dll!0x000000002EB8FDF4
[2017.08.04-12.23.07:729][585]LogOutputDevice:Error: UE4Editor-Engine.dll!0x000000002EB9C039
[2017.08.04-12.23.07:729][585]LogOutputDevice:Error: UE4Editor-Engine.dll!0x000000002EB8EE9F
[2017.08.04-12.23.07:729][585]LogOutputDevice:Error: UE4Editor-CoreUObject.dll!0x000000004413BB2F
[2017.08.04-12.23.07:729][585]LogOutputDevice:Error: UE4Editor-CoreUObject.dll!0x00000000440BC87F
[2017.08.04-12.23.07:729][585]LogOutputDevice:Error: UE4Editor-CoreUObject.dll!0x00000000440BAFD5
[2017.08.04-12.23.07:729][585]LogOutputDevice:Error: UE4Editor-UnrealEd.dll!0x000000003FA2BB6B
[2017.08.04-12.23.07:729][585]LogOutputDevice:Error: UE4Editor-Kismet.dll!0x000000002D110EAA
[2017.08.04-12.23.07:729][585]LogOutputDevice:Error: UE4Editor-Kismet.dll!0x000000002D160991
[2017.08.04-12.23.07:729][585]LogOutputDevice:Error: UE4Editor-Kismet.dll!0x000000002D1655D6
[2017.08.04-12.23.07:729][585]LogOutputDevice:Error: UE4Editor-Slate.dll!0x00000000439FEB7F
[2017.08.04-12.23.07:729][585]LogOutputDevice:Error: UE4Editor-Slate.dll!0x0000000043AF7EF2
[2017.08.04-12.23.07:729][585]LogOutputDevice:Error: UE4Editor-Slate.dll!0x0000000043A63DD2
[2017.08.04-12.23.07:729][585]LogOutputDevice:Error: UE4Editor-Slate.dll!0x0000000043A65079
[2017.08.04-12.23.07:729][585]LogOutputDevice:Error: UE4Editor-Slate.dll!0x0000000043AD7C05
[2017.08.04-12.23.07:729][585]LogOutputDevice:Error: UE4Editor-Slate.dll!0x0000000043B88F57
[2017.08.04-12.23.07:729][585]LogOutputDevice:Error: UE4Editor-Slate.dll!0x0000000043BB5D7B
[2017.08.04-12.23.07:729][585]LogOutputDevice:Error: UE4Editor-Slate.dll!0x00000000439D9E9C
[2017.08.04-12.23.07:729][585]LogOutputDevice:Error: UE4Editor-Slate.dll!0x00000000439A9835
[2017.08.04-12.23.07:729][585]LogOutputDevice:Error: UE4Editor-Slate.dll!0x0000000043A4E5E2
[2017.08.04-12.23.07:729][585]LogOutputDevice:Error: UE4Editor-Slate.dll!0x0000000043A3720F
[2017.08.04-12.23.07:729][585]LogOutputDevice:Error: UE4Editor-Slate.dll!0x0000000043A28391
[2017.08.04-12.23.07:729][585]LogOutputDevice:Error: UE4Editor-Core.dll!0x000000004584175B
[2017.08.04-12.23.07:729][585]LogOutputDevice:Error: UE4Editor-Core.dll!0x000000004582B7D1
[2017.08.04-12.23.07:729][585]LogOutputDevice:Error: UE4Editor-Core.dll!0x00000000458433DB
[2017.08.04-12.23.07:729][585]LogOutputDevice:Error: UE4Editor-Core.dll!0x0000000045827B22
[2017.08.04-12.23.07:729][585]LogOutputDevice:Error: USER32.dll!0x000000007529BC50
[2017.08.04-12.23.07:729][585]LogOutputDevice:Error: USER32.dll!0x000000007529B5CF
[2017.08.04-12.23.07:729][585]LogOutputDevice:Error: UE4Editor-Core.dll!0x0000000045843CE6
[2017.08.04-12.23.07:729][585]LogOutputDevice:Error: UE4Editor.exe!0x00000000E9DBDB44
[2017.08.04-12.23.07:729][585]LogOutputDevice:Error: UE4Editor.exe!0x00000000E9DAF0B0
[2017.08.04-12.23.07:729][585]LogOutputDevice:Error: UE4Editor.exe!0x00000000E9DAF12A
[2017.08.04-12.23.07:729][585]LogOutputDevice:Error: UE4Editor.exe!0x00000000E9DC0CF9
[2017.08.04-12.23.07:729][585]LogOutputDevice:Error: UE4Editor.exe!0x00000000E9DC25F7
[2017.08.04-12.23.07:729][585]LogOutputDevice:Error: KERNEL32.DLL!0x0000000072D02774
[2017.08.04-12.23.07:729][585]LogOutputDevice:Error: ntdll.dll!0x0000000075750D51
[2017.08.04-12.23.07:729][585]LogOutputDevice:Error: 
[2017.08.04-12.23.07:738][585]LogStats:                SubmitErrorReport -  0.000 s
[2017.08.04-12.23.08:408][585]LogStats:                    SendNewReport -  0.670 s
[2017.08.04-12.23.08:408][585]LogStats:             FDebug::EnsureFailed -  0.869 s
[2017.08.04-12.23.09:708][739]LogTemp: Repeting last play command: Selected Viewport
[2017.08.04-12.23.09:723][739]LogBlueprintUserMessages: Early PlayInEditor Detection: Level '/Game/SideScrollerBP/Maps/SideScrollerExampleMap.SideScrollerExampleMap:PersistentLevel' has LevelScriptBlueprint '/Game/SideScrollerBP/Maps/SideScrollerExampleMap.SideScrollerExampleMap:PersistentLevel.SideScrollerExampleMap' with GeneratedClass '/Game/SideScrollerBP/Maps/SideScrollerExampleMap.SideScrollerExampleMap_C' with ClassGeneratedBy '/Game/SideScrollerBP/Maps/SideScrollerExampleMap.SideScrollerExampleMap:PersistentLevel.SideScrollerExampleMap'
[2017.08.04-12.23.09:723][739]LogPlayLevel: PlayLevel: No blueprints needed recompiling
[2017.08.04-12.23.09:723][739]PIE: New page: PIE session: SideScrollerExampleMap (Aug 4, 2017, 4:23:09 PM)
[2017.08.04-12.23.09:723][739]LogPlayLevel: Creating play world package: /Game/SideScrollerBP/Maps/UEDPIE_0_SideScrollerExampleMap
[2017.08.04-12.23.09:741][739]LogPlayLevel: PIE: StaticDuplicateObject took: (0.017810s)
[2017.08.04-12.23.09:742][739]LogAIModule: Creating AISystem for world SideScrollerExampleMap
[2017.08.04-12.23.09:742][739]LogPlayLevel: PIE: World Init took: (0.000956s)
[2017.08.04-12.23.09:742][739]LogPlayLevel: PIE: Created PIE world by copying editor world from /Game/SideScrollerBP/Maps/SideScrollerExampleMap.SideScrollerExampleMap to /Game/SideScrollerBP/Maps/UEDPIE_0_SideScrollerExampleMap.SideScrollerExampleMap (0.018988s)
[2017.08.04-12.23.09:763][739]LogInit: XAudio2 using 'Haut-parleurs (Realtek High Definition Audio)' : 2 channels at 48 kHz using 32 bits per sample (channel mask 0x3)
[2017.08.04-12.23.09:772][739]LogInit: FAudioDevice initialized.
[2017.08.04-12.23.09:807][739]LogLoad: Game class is 'SideScrollerGameMode_C'
[2017.08.04-12.23.09:810][739]LogWorld: Bringing World /Game/SideScrollerBP/Maps/UEDPIE_0_SideScrollerExampleMap.SideScrollerExampleMap up for play (max tick rate 0) at 2017.08.04-14.23.09
[2017.08.04-12.23.09:810][739]LogWorld: Bringing up level for play took: 0.001890
[2017.08.04-12.23.09:811][739]LogBlueprintUserMessages: [SideScrollerCharacter_78] Hello le jeu commence
[2017.08.04-12.23.09:811][739]PIE: Info Play in editor start time for /Game/SideScrollerBP/Maps/UEDPIE_0_SideScrollerExampleMap 0.756
[2017.08.04-12.23.09:811][739]LogBlueprintUserMessages: Late PlayInEditor Detection: Level '/Game/SideScrollerBP/Maps/SideScrollerExampleMap.SideScrollerExampleMap:PersistentLevel' has LevelScriptBlueprint '/Game/SideScrollerBP/Maps/SideScrollerExampleMap.SideScrollerExampleMap:PersistentLevel.SideScrollerExampleMap' with GeneratedClass '/Game/SideScrollerBP/Maps/SideScrollerExampleMap.SideScrollerExampleMap_C' with ClassGeneratedBy '/Game/SideScrollerBP/Maps/SideScrollerExampleMap.SideScrollerExampleMap:PersistentLevel.SideScrollerExampleMap'
[2017.08.04-12.23.23:841][419]LogBlueprintUserMessages: Early EndPlayMap Detection: Level '/Game/SideScrollerBP/Maps/SideScrollerExampleMap.SideScrollerExampleMap:PersistentLevel' has LevelScriptBlueprint '/Game/SideScrollerBP/Maps/SideScrollerExampleMap.SideScrollerExampleMap:PersistentLevel.SideScrollerExampleMap' with GeneratedClass '/Game/SideScrollerBP/Maps/SideScrollerExampleMap.SideScrollerExampleMap_C' with ClassGeneratedBy '/Game/SideScrollerBP/Maps/SideScrollerExampleMap.SideScrollerExampleMap:PersistentLevel.SideScrollerExampleMap'
[2017.08.04-12.23.23:879][419]LogBlueprintUserMessages: Late EndPlayMap Detection: Level '/Game/SideScrollerBP/Maps/SideScrollerExampleMap.SideScrollerExampleMap:PersistentLevel' has LevelScriptBlueprint '/Game/SideScrollerBP/Maps/SideScrollerExampleMap.SideScrollerExampleMap:PersistentLevel.SideScrollerExampleMap' with GeneratedClass '/Game/SideScrollerBP/Maps/SideScrollerExampleMap.SideScrollerExampleMap_C' with ClassGeneratedBy '/Game/SideScrollerBP/Maps/SideScrollerExampleMap.SideScrollerExampleMap:PersistentLevel.SideScrollerExampleMap'
[2017.08.04-12.24.08:979][816]LogTemp: Repeting last play command: Selected Viewport
[2017.08.04-12.24.08:993][816]LogBlueprintUserMessages: Early PlayInEditor Detection: Level '/Game/SideScrollerBP/Maps/SideScrollerExampleMap.SideScrollerExampleMap:PersistentLevel' has LevelScriptBlueprint '/Game/SideScrollerBP/Maps/SideScrollerExampleMap.SideScrollerExampleMap:PersistentLevel.SideScrollerExampleMap' with GeneratedClass '/Game/SideScrollerBP/Maps/SideScrollerExampleMap.SideScrollerExampleMap_C' with ClassGeneratedBy '/Game/SideScrollerBP/Maps/SideScrollerExampleMap.SideScrollerExampleMap:PersistentLevel.SideScrollerExampleMap'
[2017.08.04-12.24.08:993][816]BlueprintLog: New page: Pre-Play auto-recompile
[2017.08.04-12.24.08:993][816]LogPlayLevel: [PlayLevel] Compiling ThirdPerson_AnimBP before play...
[2017.08.04-12.24.09:098][816]LogPlayLevel: PlayLevel: Blueprint regeneration took 105 ms (1 blueprints)
[2017.08.04-12.24.09:098][816]PIE: New page: PIE session: SideScrollerExampleMap (Aug 4, 2017, 4:24:09 PM)
[2017.08.04-12.24.09:098][816]LogPlayLevel: Creating play world package: /Game/SideScrollerBP/Maps/UEDPIE_0_SideScrollerExampleMap
[2017.08.04-12.24.09:124][816]LogPlayLevel: PIE: StaticDuplicateObject took: (0.026472s)
[2017.08.04-12.24.09:125][816]LogAIModule: Creating AISystem for world SideScrollerExampleMap
[2017.08.04-12.24.09:125][816]LogPlayLevel: PIE: World Init took: (0.000652s)
[2017.08.04-12.24.09:125][816]LogPlayLevel: PIE: Created PIE world by copying editor world from /Game/SideScrollerBP/Maps/SideScrollerExampleMap.SideScrollerExampleMap to /Game/SideScrollerBP/Maps/UEDPIE_0_SideScrollerExampleMap.SideScrollerExampleMap (0.027332s)
[2017.08.04-12.24.09:144][816]LogInit: XAudio2 using 'Haut-parleurs (Realtek High Definition Audio)' : 2 channels at 48 kHz using 32 bits per sample (channel mask 0x3)
[2017.08.04-12.24.09:153][816]LogInit: FAudioDevice initialized.
[2017.08.04-12.24.09:194][816]LogLoad: Game class is 'SideScrollerGameMode_C'
[2017.08.04-12.24.09:205][816]LogWorld: Bringing World /Game/SideScrollerBP/Maps/UEDPIE_0_SideScrollerExampleMap.SideScrollerExampleMap up for play (max tick rate 0) at 2017.08.04-14.24.09
[2017.08.04-12.24.09:206][816]LogWorld: Bringing up level for play took: 0.007559
[2017.08.04-12.24.09:208][816]LogBlueprintUserMessages: [SideScrollerCharacter_78] Hello le jeu commence
[2017.08.04-12.24.09:212][816]PIE: Info Play in editor start time for /Game/SideScrollerBP/Maps/UEDPIE_0_SideScrollerExampleMap 0.158
[2017.08.04-12.24.09:213][816]LogBlueprintUserMessages: Late PlayInEditor Detection: Level '/Game/SideScrollerBP/Maps/SideScrollerExampleMap.SideScrollerExampleMap:PersistentLevel' has LevelScriptBlueprint '/Game/SideScrollerBP/Maps/SideScrollerExampleMap.SideScrollerExampleMap:PersistentLevel.SideScrollerExampleMap' with GeneratedClass '/Game/SideScrollerBP/Maps/SideScrollerExampleMap.SideScrollerExampleMap_C' with ClassGeneratedBy '/Game/SideScrollerBP/Maps/SideScrollerExampleMap.SideScrollerExampleMap:PersistentLevel.SideScrollerExampleMap'
[2017.08.04-12.24.26:245][836]LogBlueprintUserMessages: Early EndPlayMap Detection: Level '/Game/SideScrollerBP/Maps/SideScrollerExampleMap.SideScrollerExampleMap:PersistentLevel' has LevelScriptBlueprint '/Game/SideScrollerBP/Maps/SideScrollerExampleMap.SideScrollerExampleMap:PersistentLevel.SideScrollerExampleMap' with GeneratedClass '/Game/SideScrollerBP/Maps/SideScrollerExampleMap.SideScrollerExampleMap_C' with ClassGeneratedBy '/Game/SideScrollerBP/Maps/SideScrollerExampleMap.SideScrollerExampleMap:PersistentLevel.SideScrollerExampleMap'
[2017.08.04-12.24.26:290][836]LogBlueprintUserMessages: Late EndPlayMap Detection: Level '/Game/SideScrollerBP/Maps/SideScrollerExampleMap.SideScrollerExampleMap:PersistentLevel' has LevelScriptBlueprint '/Game/SideScrollerBP/Maps/SideScrollerExampleMap.SideScrollerExampleMap:PersistentLevel.SideScrollerExampleMap' with GeneratedClass '/Game/SideScrollerBP/Maps/SideScrollerExampleMap.SideScrollerExampleMap_C' with ClassGeneratedBy '/Game/SideScrollerBP/Maps/SideScrollerExampleMap.SideScrollerExampleMap:PersistentLevel.SideScrollerExampleMap'
[2017.08.04-12.25.32:876][725]BlueprintLog: New page: Compile SideScrollerCharacter
[2017.08.04-12.25.34:641][925]LogTemp: Repeting last play command: Selected Viewport
[2017.08.04-12.25.34:657][925]LogBlueprintUserMessages: Early PlayInEditor Detection: Level '/Game/SideScrollerBP/Maps/SideScrollerExampleMap.SideScrollerExampleMap:PersistentLevel' has LevelScriptBlueprint '/Game/SideScrollerBP/Maps/SideScrollerExampleMap.SideScrollerExampleMap:PersistentLevel.SideScrollerExampleMap' with GeneratedClass '/Game/SideScrollerBP/Maps/SideScrollerExampleMap.SideScrollerExampleMap_C' with ClassGeneratedBy '/Game/SideScrollerBP/Maps/SideScrollerExampleMap.SideScrollerExampleMap:PersistentLevel.SideScrollerExampleMap'
[2017.08.04-12.25.34:657][925]LogPlayLevel: PlayLevel: No blueprints needed recompiling
[2017.08.04-12.25.34:657][925]PIE: New page: PIE session: SideScrollerExampleMap (Aug 4, 2017, 4:25:34 PM)
[2017.08.04-12.25.34:657][925]LogPlayLevel: Creating play world package: /Game/SideScrollerBP/Maps/UEDPIE_0_SideScrollerExampleMap
[2017.08.04-12.25.34:673][925]LogPlayLevel: PIE: StaticDuplicateObject took: (0.016415s)
[2017.08.04-12.25.34:674][925]LogAIModule: Creating AISystem for world SideScrollerExampleMap
[2017.08.04-12.25.34:674][925]LogPlayLevel: PIE: World Init took: (0.000622s)
[2017.08.04-12.25.34:674][925]LogPlayLevel: PIE: Created PIE world by copying editor world from /Game/SideScrollerBP/Maps/SideScrollerExampleMap.SideScrollerExampleMap to /Game/SideScrollerBP/Maps/UEDPIE_0_SideScrollerExampleMap.SideScrollerExampleMap (0.017230s)
[2017.08.04-12.25.34:697][925]LogInit: XAudio2 using 'Haut-parleurs (Realtek High Definition Audio)' : 2 channels at 48 kHz using 32 bits per sample (channel mask 0x3)
[2017.08.04-12.25.34:705][925]LogInit: FAudioDevice initialized.
[2017.08.04-12.25.34:739][925]LogLoad: Game class is 'SideScrollerGameMode_C'
[2017.08.04-12.25.34:742][925]LogWorld: Bringing World /Game/SideScrollerBP/Maps/UEDPIE_0_SideScrollerExampleMap.SideScrollerExampleMap up for play (max tick rate 0) at 2017.08.04-14.25.34
[2017.08.04-12.25.34:743][925]LogWorld: Bringing up level for play took: 0.002110
[2017.08.04-12.25.34:743][925]LogBlueprintUserMessages: [SideScrollerCharacter_78] Hello le jeu commence
[2017.08.04-12.25.34:743][925]PIE: Info Play in editor start time for /Game/SideScrollerBP/Maps/UEDPIE_0_SideScrollerExampleMap -0.311
[2017.08.04-12.25.34:743][925]LogBlueprintUserMessages: Late PlayInEditor Detection: Level '/Game/SideScrollerBP/Maps/SideScrollerExampleMap.SideScrollerExampleMap:PersistentLevel' has LevelScriptBlueprint '/Game/SideScrollerBP/Maps/SideScrollerExampleMap.SideScrollerExampleMap:PersistentLevel.SideScrollerExampleMap' with GeneratedClass '/Game/SideScrollerBP/Maps/SideScrollerExampleMap.SideScrollerExampleMap_C' with ClassGeneratedBy '/Game/SideScrollerBP/Maps/SideScrollerExampleMap.SideScrollerExampleMap:PersistentLevel.SideScrollerExampleMap'
[2017.08.04-12.26.48:355][753]LogBlueprintUserMessages: Early EndPlayMap Detection: Level '/Game/SideScrollerBP/Maps/SideScrollerExampleMap.SideScrollerExampleMap:PersistentLevel' has LevelScriptBlueprint '/Game/SideScrollerBP/Maps/SideScrollerExampleMap.SideScrollerExampleMap:PersistentLevel.SideScrollerExampleMap' with GeneratedClass '/Game/SideScrollerBP/Maps/SideScrollerExampleMap.SideScrollerExampleMap_C' with ClassGeneratedBy '/Game/SideScrollerBP/Maps/SideScrollerExampleMap.SideScrollerExampleMap:PersistentLevel.SideScrollerExampleMap'
[2017.08.04-12.26.48:389][753]LogBlueprintUserMessages: Late EndPlayMap Detection: Level '/Game/SideScrollerBP/Maps/SideScrollerExampleMap.SideScrollerExampleMap:PersistentLevel' has LevelScriptBlueprint '/Game/SideScrollerBP/Maps/SideScrollerExampleMap.SideScrollerExampleMap:PersistentLevel.SideScrollerExampleMap' with GeneratedClass '/Game/SideScrollerBP/Maps/SideScrollerExampleMap.SideScrollerExampleMap_C' with ClassGeneratedBy '/Game/SideScrollerBP/Maps/SideScrollerExampleMap.SideScrollerExampleMap:PersistentLevel.SideScrollerExampleMap'
[2017.08.04-12.28.25:353][334]LogTemp: Repeting last play command: Selected Viewport
[2017.08.04-12.28.25:370][334]LogBlueprintUserMessages: Early PlayInEditor Detection: Level '/Game/SideScrollerBP/Maps/SideScrollerExampleMap.SideScrollerExampleMap:PersistentLevel' has LevelScriptBlueprint '/Game/SideScrollerBP/Maps/SideScrollerExampleMap.SideScrollerExampleMap:PersistentLevel.SideScrollerExampleMap' with GeneratedClass '/Game/SideScrollerBP/Maps/SideScrollerExampleMap.SideScrollerExampleMap_C' with ClassGeneratedBy '/Game/SideScrollerBP/Maps/SideScrollerExampleMap.SideScrollerExampleMap:PersistentLevel.SideScrollerExampleMap'
[2017.08.04-12.28.25:370][334]LogPlayLevel: PlayLevel: No blueprints needed recompiling
[2017.08.04-12.28.25:370][334]PIE: New page: PIE session: SideScrollerExampleMap (Aug 4, 2017, 4:28:25 PM)
[2017.08.04-12.28.25:371][334]LogPlayLevel: Creating play world package: /Game/SideScrollerBP/Maps/UEDPIE_0_SideScrollerExampleMap
[2017.08.04-12.28.25:389][334]LogPlayLevel: PIE: StaticDuplicateObject took: (0.018858s)
[2017.08.04-12.28.25:390][334]LogAIModule: Creating AISystem for world SideScrollerExampleMap
[2017.08.04-12.28.25:390][334]LogPlayLevel: PIE: World Init took: (0.000859s)
[2017.08.04-12.28.25:391][334]LogPlayLevel: PIE: Created PIE world by copying editor world from /Game/SideScrollerBP/Maps/SideScrollerExampleMap.SideScrollerExampleMap to /Game/SideScrollerBP/Maps/UEDPIE_0_SideScrollerExampleMap.SideScrollerExampleMap (0.020095s)
[2017.08.04-12.28.25:413][334]LogInit: XAudio2 using 'Haut-parleurs (Realtek High Definition Audio)' : 2 channels at 48 kHz using 32 bits per sample (channel mask 0x3)
[2017.08.04-12.28.25:421][334]LogInit: FAudioDevice initialized.
[2017.08.04-12.28.25:455][334]LogLoad: Game class is 'SideScrollerGameMode_C'
[2017.08.04-12.28.25:459][334]LogWorld: Bringing World /Game/SideScrollerBP/Maps/UEDPIE_0_SideScrollerExampleMap.SideScrollerExampleMap up for play (max tick rate 0) at 2017.08.04-14.28.25
[2017.08.04-12.28.25:459][334]LogWorld: Bringing up level for play took: 0.002249
[2017.08.04-12.28.25:459][334]LogBlueprintUserMessages: [SideScrollerCharacter_78] Hello le jeu commence
[2017.08.04-12.28.25:461][334]PIE: Info Play in editor start time for /Game/SideScrollerBP/Maps/UEDPIE_0_SideScrollerExampleMap 0.406
[2017.08.04-12.28.25:462][334]LogBlueprintUserMessages: Late PlayInEditor Detection: Level '/Game/SideScrollerBP/Maps/SideScrollerExampleMap.SideScrollerExampleMap:PersistentLevel' has LevelScriptBlueprint '/Game/SideScrollerBP/Maps/SideScrollerExampleMap.SideScrollerExampleMap:PersistentLevel.SideScrollerExampleMap' with GeneratedClass '/Game/SideScrollerBP/Maps/SideScrollerExampleMap.SideScrollerExampleMap_C' with ClassGeneratedBy '/Game/SideScrollerBP/Maps/SideScrollerExampleMap.SideScrollerExampleMap:PersistentLevel.SideScrollerExampleMap'
[2017.08.04-12.35.10:522][925]LogBlueprintUserMessages: Early EndPlayMap Detection: Level '/Game/SideScrollerBP/Maps/SideScrollerExampleMap.SideScrollerExampleMap:PersistentLevel' has LevelScriptBlueprint '/Game/SideScrollerBP/Maps/SideScrollerExampleMap.SideScrollerExampleMap:PersistentLevel.SideScrollerExampleMap' with GeneratedClass '/Game/SideScrollerBP/Maps/SideScrollerExampleMap.SideScrollerExampleMap_C' with ClassGeneratedBy '/Game/SideScrollerBP/Maps/SideScrollerExampleMap.SideScrollerExampleMap:PersistentLevel.SideScrollerExampleMap'
[2017.08.04-12.35.10:570][925]LogBlueprintUserMessages: Late EndPlayMap Detection: Level '/Game/SideScrollerBP/Maps/SideScrollerExampleMap.SideScrollerExampleMap:PersistentLevel' has LevelScriptBlueprint '/Game/SideScrollerBP/Maps/SideScrollerExampleMap.SideScrollerExampleMap:PersistentLevel.SideScrollerExampleMap' with GeneratedClass '/Game/SideScrollerBP/Maps/SideScrollerExampleMap.SideScrollerExampleMap_C' with ClassGeneratedBy '/Game/SideScrollerBP/Maps/SideScrollerExampleMap.SideScrollerExampleMap:PersistentLevel.SideScrollerExampleMap'
[2017.08.04-12.35.12:890][188]LogSavePackage: Save=32.24ms
[2017.08.04-12.35.12:890][188]LogSavePackage: Moving '../../../../../../Users/Palomino Studio 2/Documents/GitHub/VikLeViking/Vikings/Saved/SideScrollerCharacter7F5025DA4B250A3AA715F6984C918D40.tmp' to '../../../../../../Users/Palomino Studio 2/Documents/GitHub/VikLeViking/Vikings/Content/SideScrollerBP/Blueprints/SideScrollerCharacter.uasset'
[2017.08.04-12.35.12:894][188]LogSavePackage:Display: Finished SavePackage ../../../../../../Users/Palomino Studio 2/Documents/GitHub/VikLeViking/Vikings/Content/SideScrollerBP/Blueprints/SideScrollerCharacter.uasset
[2017.08.04-12.35.45:330][284]LogSavePackage: Save=127.03ms
[2017.08.04-12.35.45:330][284]LogSavePackage: Moving '../../../../../../Users/Palomino Studio 2/Documents/GitHub/VikLeViking/Vikings/Saved/SideScrollerExampleMap_Auto111AACA9D455FC3830AE42FA2480EF1EA.tmp' to '../../../../../../Users/Palomino Studio 2/Documents/GitHub/VikLeViking/Vikings/Saved/Autosaves/Game/SideScrollerBP/Maps/SideScrollerExampleMap_Auto1.umap'
[2017.08.04-12.35.45:332][284]LogSavePackage:Display: Finished SavePackage ../../../../../../Users/Palomino Studio 2/Documents/GitHub/VikLeViking/Vikings/Saved/Autosaves/Game/SideScrollerBP/Maps/SideScrollerExampleMap_Auto1.umap
[2017.08.04-12.35.45:334][284]LogFileHelpers: Editor autosave (incl. sublevels) for '/Game/SideScrollerBP/Maps/SideScrollerExampleMap' took 0.171
[2017.08.04-12.35.45:334][284]LogFileHelpers: Editor autosave (incl. sublevels) for all levels took 0.171
[2017.08.04-12.35.45:336][284]OBJ SavePackage: Generating thumbnails for [1] asset(s) in package [/Game/Mannequin/Animations/ThirdPerson_AnimBP] ([1] browsable assets)...
[2017.08.04-12.35.45:347][284]OBJ SavePackage:     Rendered thumbnail for [AnimBlueprint /Game/Mannequin/Animations/ThirdPerson_AnimBP.ThirdPerson_AnimBP]
[2017.08.04-12.35.45:347][284]OBJ SavePackage: Finished generating thumbnails for package [/Game/Mannequin/Animations/ThirdPerson_AnimBP]
[2017.08.04-12.35.45:436][284]LogSavePackage: Save=81.06ms
[2017.08.04-12.35.45:436][284]LogSavePackage: Moving '../../../../../../Users/Palomino Studio 2/Documents/GitHub/VikLeViking/Vikings/Saved/ThirdPerson_AnimBP_Auto18EFEAE0C42E64A6F25AD1C9E4275FEFF.tmp' to '../../../../../../Users/Palomino Studio 2/Documents/GitHub/VikLeViking/Vikings/Saved/Autosaves/Game/Mannequin/Animations/ThirdPerson_AnimBP_Auto1.uasset'
[2017.08.04-12.35.45:437][284]LogSavePackage:Display: Finished SavePackage ../../../../../../Users/Palomino Studio 2/Documents/GitHub/VikLeViking/Vikings/Saved/Autosaves/Game/Mannequin/Animations/ThirdPerson_AnimBP_Auto1.uasset
[2017.08.04-12.35.45:437][284]OBJ SavePackage: Generating thumbnails for [1] asset(s) in package [/Game/Mannequin/Animations/a] ([1] browsable assets)...
[2017.08.04-12.35.45:448][284]OBJ SavePackage:     Rendered thumbnail for [AnimMontage /Game/Mannequin/Animations/a.a]
[2017.08.04-12.35.45:448][284]OBJ SavePackage: Finished generating thumbnails for package [/Game/Mannequin/Animations/a]
[2017.08.04-12.35.45:462][284]LogSavePackage: Save=11.92ms
[2017.08.04-12.35.45:462][284]LogSavePackage: Moving '../../../../../../Users/Palomino Studio 2/Documents/GitHub/VikLeViking/Vikings/Saved/a_Auto198E6C3C74AD008BC2058D9A36D34902A.tmp' to '../../../../../../Users/Palomino Studio 2/Documents/GitHub/VikLeViking/Vikings/Saved/Autosaves/Game/Mannequin/Animations/a_Auto1.uasset'
[2017.08.04-12.35.45:463][284]LogSavePackage:Display: Finished SavePackage ../../../../../../Users/Palomino Studio 2/Documents/GitHub/VikLeViking/Vikings/Saved/Autosaves/Game/Mannequin/Animations/a_Auto1.uasset
[2017.08.04-12.35.45:463][284]OBJ SavePackage: Generating thumbnails for [1] asset(s) in package [/Game/Mannequin/Animations/b] ([1] browsable assets)...
[2017.08.04-12.35.45:473][284]OBJ SavePackage:     Rendered thumbnail for [AnimMontage /Game/Mannequin/Animations/b.b]
[2017.08.04-12.35.45:473][284]OBJ SavePackage: Finished generating thumbnails for package [/Game/Mannequin/Animations/b]
[2017.08.04-12.35.45:487][284]LogSavePackage: Save=11.49ms
[2017.08.04-12.35.45:487][284]LogSavePackage: Moving '../../../../../../Users/Palomino Studio 2/Documents/GitHub/VikLeViking/Vikings/Saved/b_Auto13C5BAE454BE2A305A1908E87529FFA4C.tmp' to '../../../../../../Users/Palomino Studio 2/Documents/GitHub/VikLeViking/Vikings/Saved/Autosaves/Game/Mannequin/Animations/b_Auto1.uasset'
[2017.08.04-12.35.45:488][284]LogSavePackage:Display: Finished SavePackage ../../../../../../Users/Palomino Studio 2/Documents/GitHub/VikLeViking/Vikings/Saved/Autosaves/Game/Mannequin/Animations/b_Auto1.uasset
[2017.08.04-12.35.45:488][284]LogFileHelpers: Auto-saving content packages took 0.153
[2017.08.04-16.04.49:029][653]Cmd: OBJ SAVEPACKAGE PACKAGE="/Game/Mannequin/Animations/a" FILE="../../../../../../Users/Palomino Studio 2/Documents/GitHub/VikLeViking/Vikings/Content/Mannequin/Animations/a.uasset" SILENT=true
[2017.08.04-16.04.49:046][653]LogSavePackage: Save=14.91ms
[2017.08.04-16.04.49:046][653]LogSavePackage: Moving '../../../../../../Users/Palomino Studio 2/Documents/GitHub/VikLeViking/Vikings/Saved/aCFC2568447578664B3077AB95828037E.tmp' to '../../../../../../Users/Palomino Studio 2/Documents/GitHub/VikLeViking/Vikings/Content/Mannequin/Animations/a.uasset'
[2017.08.04-16.04.49:052][653]LogSavePackage:Display: Finished SavePackage ../../../../../../Users/Palomino Studio 2/Documents/GitHub/VikLeViking/Vikings/Content/Mannequin/Animations/a.uasset
[2017.08.04-16.04.49:070][653]Cmd: OBJ SAVEPACKAGE PACKAGE="/Game/Mannequin/Animations/b" FILE="../../../../../../Users/Palomino Studio 2/Documents/GitHub/VikLeViking/Vikings/Content/Mannequin/Animations/b.uasset" SILENT=true
[2017.08.04-16.04.49:084][653]LogSavePackage: Save=12.54ms
[2017.08.04-16.04.49:084][653]LogSavePackage: Moving '../../../../../../Users/Palomino Studio 2/Documents/GitHub/VikLeViking/Vikings/Saved/bAAA9DA66489352556DD5B3B328E34343.tmp' to '../../../../../../Users/Palomino Studio 2/Documents/GitHub/VikLeViking/Vikings/Content/Mannequin/Animations/b.uasset'
[2017.08.04-16.04.49:090][653]LogSavePackage:Display: Finished SavePackage ../../../../../../Users/Palomino Studio 2/Documents/GitHub/VikLeViking/Vikings/Content/Mannequin/Animations/b.uasset
[2017.08.04-16.04.49:188][653]LogSavePackage: Save=82.32ms
[2017.08.04-16.04.49:188][653]LogSavePackage: Moving '../../../../../../Users/Palomino Studio 2/Documents/GitHub/VikLeViking/Vikings/Saved/ThirdPerson_AnimBPC9725D704DCFB4E5C472B99A212B01E1.tmp' to '../../../../../../Users/Palomino Studio 2/Documents/GitHub/VikLeViking/Vikings/Content/Mannequin/Animations/ThirdPerson_AnimBP.uasset'
[2017.08.04-16.04.49:194][653]LogSavePackage:Display: Finished SavePackage ../../../../../../Users/Palomino Studio 2/Documents/GitHub/VikLeViking/Vikings/Content/Mannequin/Animations/ThirdPerson_AnimBP.uasset
[2017.08.04-16.04.49:422][653]LogSavePackage: Save=152.18ms
[2017.08.04-16.04.49:422][653]LogSavePackage: Moving '../../../../../../Users/Palomino Studio 2/Documents/GitHub/VikLeViking/Vikings/Saved/SideScrollerExampleMapA2845CD749762F3F62958E959E7D1B43.tmp' to '../../../../../../Users/Palomino Studio 2/Documents/GitHub/VikLeViking/Vikings/Content/SideScrollerBP/Maps/SideScrollerExampleMap.umap'
[2017.08.04-16.04.49:425][653]LogSavePackage:Display: Finished SavePackage ../../../../../../Users/Palomino Studio 2/Documents/GitHub/VikLeViking/Vikings/Content/SideScrollerBP/Maps/SideScrollerExampleMap.umap
[2017.08.04-16.04.49:456][653]LogFileHelpers: Saving map 'SideScrollerExampleMap' took 0.260
[2017.08.04-16.04.49:644][653]LogActorComponent: UnregisterComponent: (/Engine/Transient.EditorFloorComp) Not registered. Aborting.
[2017.08.04-16.04.51:199][654]Cmd: QUIT_EDITOR
[2017.08.04-16.04.51:625][654]LogWindowsTextInputMethodSystem:Display: IME system now deactivated.
[2017.08.04-16.04.51:654][654]LogExit: Preparing to exit.
[2017.08.04-16.04.52:637][654]LogDirectoryWatcher: A directory notification for 'C:/Users/Palomino Studio 2/Documents/GitHub/VikLeViking/Vikings/Content/' was aborted.
[2017.08.04-16.04.52:720][654]LogExit: Editor shut down
[2017.08.04-16.04.52:742][654]LogExit: Transaction tracking system shut down
[2017.08.04-16.04.52:908][654]LogObj: Freed 0b from 0 cluster array pools.
[2017.08.04-16.04.52:909][654]LogExit: Object subsystem successfully closed.
[2017.08.04-16.04.52:936][654]LogD3D11RHI: Shutdown
[2017.08.04-16.04.52:936][654]LogD3D11RHI: CleanupD3DDevice
[2017.08.04-16.04.53:041][654]LogD3D11RHI: ~FD3D11DynamicRHI
[2017.08.04-16.04.53:053][654]LogModuleManager: Shutting down and abandoning module AnimationEditor (540)
[2017.08.04-16.04.53:053][654]LogModuleManager: Shutting down and abandoning module MovieSceneCapture (538)
[2017.08.04-16.04.53:053][654]LogModuleManager: Shutting down and abandoning module ClothingSystemEditorInterface (536)
[2017.08.04-16.04.53:053][654]LogModuleManager: Shutting down and abandoning module SkeletonEditor (534)
[2017.08.04-16.04.53:053][654]LogModuleManager: Shutting down and abandoning module AnimationBlueprintEditor (532)
[2017.08.04-16.04.53:053][654]LogModuleManager: Shutting down and abandoning module BlueprintGraph (530)
[2017.08.04-16.04.53:053][654]LogModuleManager: Shutting down and abandoning module BlueprintProfiler (528)
[2017.08.04-16.04.53:053][654]LogModuleManager: Shutting down and abandoning module HierarchicalLODOutliner (526)
[2017.08.04-16.04.53:053][654]LogModuleManager: Shutting down and abandoning module ExternalImagePicker (524)
[2017.08.04-16.04.53:053][654]LogModuleManager: Shutting down and abandoning module CrashTracker (522)
[2017.08.04-16.04.53:053][654]LogModuleManager: Shutting down and abandoning module SceneOutliner (520)
[2017.08.04-16.04.53:053][654]LogModuleManager: Shutting down and abandoning module AddContentDialog (518)
[2017.08.04-16.04.53:053][654]LogDirectoryWatcher: A directory notification for 'C:/Program Files/Epic Games/UE_4.16/FeaturePacks/' was aborted.
[2017.08.04-16.04.53:057][654]LogModuleManager: Shutting down and abandoning module WidgetCarousel (517)
[2017.08.04-16.04.53:057][654]LogModuleManager: Shutting down and abandoning module EditorWidgets (514)
[2017.08.04-16.04.53:057][654]LogModuleManager: Shutting down and abandoning module CollectionManager (512)
[2017.08.04-16.04.53:057][654]LogDirectoryWatcher: A directory notification for 'C:/Users/Palomino Studio 2/Documents/GitHub/VikLeViking/Vikings/Content/Collections/' was aborted.
[2017.08.04-16.04.53:057][654]LogDirectoryWatcher: A directory notification for 'C:/Users/Palomino Studio 2/Documents/GitHub/VikLeViking/Vikings/Content/Developers/PalominoStudio2/Collections/' was aborted.
[2017.08.04-16.04.53:057][654]LogDirectoryWatcher: A directory notification for 'C:/Users/Palomino Studio 2/Documents/GitHub/VikLeViking/Vikings/Saved/Collections/' was aborted.
[2017.08.04-16.04.53:058][654]LogModuleManager: Shutting down and abandoning module StatsViewer (510)
[2017.08.04-16.04.53:058][654]LogModuleManager: Shutting down and abandoning module FoliageEdit (508)
[2017.08.04-16.04.53:058][654]LogModuleManager: Shutting down and abandoning module LandscapeEditor (506)
[2017.08.04-16.04.53:058][654]LogModuleManager: Shutting down and abandoning module MeshPaintMode (504)
[2017.08.04-16.04.53:058][654]LogModuleManager: Shutting down and abandoning module SceneDepthPickerMode (502)
[2017.08.04-16.04.53:058][654]LogModuleManager: Shutting down and abandoning module ActorPickerMode (500)
[2017.08.04-16.04.53:058][654]LogModuleManager: Shutting down and abandoning module GeometryMode (498)
[2017.08.04-16.04.53:058][654]LogModuleManager: Shutting down and abandoning module TextureAlignMode (496)
[2017.08.04-16.04.53:058][654]LogModuleManager: Shutting down and abandoning module BspMode (494)
[2017.08.04-16.04.53:058][654]LogModuleManager: Shutting down and abandoning module HardwareSurvey (492)
[2017.08.04-16.04.53:058][654]LogModuleManager: Shutting down and abandoning module SequenceRecorderSections (490)
[2017.08.04-16.04.53:058][654]LogModuleManager: Shutting down and abandoning module AutomationWorker (488)
[2017.08.04-16.04.53:058][654]LogModuleManager: Shutting down and abandoning module MatineeToLevelSequence (486)
[2017.08.04-16.04.53:058][654]LogModuleManager: Shutting down and abandoning module LevelSequenceEditor (484)
[2017.08.04-16.04.53:058][654]LogModuleManager: Shutting down and abandoning module PlacementMode (483)
[2017.08.04-16.04.53:058][654]LogModuleManager: Shutting down and abandoning module WmfMediaFactory (480)
[2017.08.04-16.04.53:058][654]LogModuleManager: Shutting down and abandoning module WmfMediaEditor (478)
[2017.08.04-16.04.53:058][654]LogModuleManager: Shutting down and abandoning module AvfMediaFactory (476)
[2017.08.04-16.04.53:058][654]LogModuleManager: Shutting down and abandoning module AvfMediaEditor (474)
[2017.08.04-16.04.53:058][654]LogModuleManager: Shutting down and abandoning module AndroidMediaFactory (472)
[2017.08.04-16.04.53:058][654]LogModuleManager: Shutting down and abandoning module Media (471)
[2017.08.04-16.04.53:058][654]LogModuleManager: Shutting down and abandoning module AndroidMediaEditor (468)
[2017.08.04-16.04.53:058][654]LogModuleManager: Shutting down and abandoning module CharacterAI (466)
[2017.08.04-16.04.53:058][654]LogModuleManager: Shutting down and abandoning module AudioCapture (464)
[2017.08.04-16.04.53:058][654]LogModuleManager: Shutting down and abandoning module SequenceRecorder (463)
[2017.08.04-16.04.53:058][654]LogModuleManager: Shutting down and abandoning module SmartSnapping (460)
[2017.08.04-16.04.53:058][654]LogModuleManager: Shutting down and abandoning module SessionServices (458)
[2017.08.04-16.04.53:058][654]LogModuleManager: Shutting down and abandoning module ViewportSnapping (456)
[2017.08.04-16.04.53:058][654]LogModuleManager: Shutting down and abandoning module ViewportInteraction (454)
[2017.08.04-16.04.53:058][654]LogModuleManager: Shutting down and abandoning module ClothPainter (452)
[2017.08.04-16.04.53:058][654]LogModuleManager: Shutting down and abandoning module LogVisualizer (450)
[2017.08.04-16.04.53:058][654]LogModuleManager: Shutting down and abandoning module IntroTutorials (448)
[2017.08.04-16.04.53:058][654]LogModuleManager: Shutting down and abandoning module GameProjectGeneration (447)
[2017.08.04-16.04.53:058][654]LogModuleManager: Shutting down and abandoning module EditorLiveStreaming (444)
[2017.08.04-16.04.53:058][654]LogModuleManager: Shutting down and abandoning module IOSPlatformEditor (442)
[2017.08.04-16.04.53:058][654]LogModuleManager: Shutting down and abandoning module HTML5PlatformEditor (440)
[2017.08.04-16.04.53:058][654]LogModuleManager: Shutting down and abandoning module AndroidPlatformEditor (438)
[2017.08.04-16.04.53:058][654]LogModuleManager: Shutting down and abandoning module AndroidDeviceDetection (437)
[2017.08.04-16.04.53:605][654]LogModuleManager: Shutting down and abandoning module IOSRuntimeSettings (434)
[2017.08.04-16.04.53:605][654]LogModuleManager: Shutting down and abandoning module AndroidRuntimeSettings (432)
[2017.08.04-16.04.53:605][654]LogModuleManager: Shutting down and abandoning module InputBindingEditor (430)
[2017.08.04-16.04.53:605][654]LogModuleManager: Shutting down and abandoning module MergeActors (428)
[2017.08.04-16.04.53:605][654]LogModuleManager: Shutting down and abandoning module SizeMap (426)
[2017.08.04-16.04.53:606][654]LogModuleManager: Shutting down and abandoning module TreeMap (424)
[2017.08.04-16.04.53:606][654]LogModuleManager: Shutting down and abandoning module ReferenceViewer (422)
[2017.08.04-16.04.53:606][654]LogModuleManager: Shutting down and abandoning module LocalizationDashboard (420)
[2017.08.04-16.04.53:606][654]LogModuleManager: Shutting down and abandoning module LocalizationService (419)
[2017.08.04-16.04.53:606][654]LogModuleManager: Shutting down and abandoning module HardwareTargeting (416)
[2017.08.04-16.04.53:606][654]LogModuleManager: Shutting down and abandoning module DeviceProfileEditor (414)
[2017.08.04-16.04.53:606][654]LogModuleManager: Shutting down and abandoning module UndoHistory (412)
[2017.08.04-16.04.53:606][654]LogModuleManager: Shutting down and abandoning module UserFeedback (410)
[2017.08.04-16.04.53:606][654]LogModuleManager: Shutting down and abandoning module XmlParser (408)
[2017.08.04-16.04.53:606][654]LogModuleManager: Shutting down and abandoning module Blutility (406)
[2017.08.04-16.04.53:606][654]LogModuleManager: Shutting down and abandoning module ProjectSettingsViewer (404)
[2017.08.04-16.04.53:606][654]LogModuleManager: Shutting down and abandoning module ProjectTargetPlatformEditor (403)
[2017.08.04-16.04.53:607][654]LogModuleManager: Shutting down and abandoning module EditorSettingsViewer (400)
[2017.08.04-16.04.53:607][654]LogModuleManager: Shutting down and abandoning module SettingsEditor (398)
[2017.08.04-16.04.53:608][654]LogModuleManager: Shutting down and abandoning module ProjectLauncher (396)
[2017.08.04-16.04.53:608][654]LogModuleManager: Shutting down and abandoning module SessionFrontend (394)
[2017.08.04-16.04.53:608][654]LogModuleManager: Shutting down and abandoning module ProfilerClient (392)
[2017.08.04-16.04.53:608][654]LogModuleManager: Shutting down and abandoning module DeviceManager (390)
[2017.08.04-16.04.53:608][654]LogModuleManager: Shutting down and abandoning module TargetDeviceServices (389)
[2017.08.04-16.04.53:662][654]LogModuleManager: Shutting down and abandoning module AutomationController (386)
[2017.08.04-16.04.53:662][654]LogModuleManager: Shutting down and abandoning module AutomationWindow (384)
[2017.08.04-16.04.53:662][654]LogModuleManager: Shutting down and abandoning module Layers (382)
[2017.08.04-16.04.53:662][654]LogModuleManager: Shutting down and abandoning module ComponentVisualizers (380)
[2017.08.04-16.04.53:662][654]LogModuleManager: Shutting down and abandoning module DetailCustomizations (378)
[2017.08.04-16.04.53:662][654]LogModuleManager: Shutting down and abandoning module PackagesDialog (376)
[2017.08.04-16.04.53:663][654]LogModuleManager: Shutting down and abandoning module Persona (374)
[2017.08.04-16.04.53:663][654]LogModuleManager: Shutting down and abandoning module AdvancedPreviewScene (373)
[2017.08.04-16.04.53:663][654]LogModuleManager: Shutting down and abandoning module AnimGraph (371)
[2017.08.04-16.04.53:663][654]LogModuleManager: Shutting down and abandoning module Kismet (368)
[2017.08.04-16.04.53:688][654]LogModuleManager: Shutting down and abandoning module ClassViewer (366)
[2017.08.04-16.04.53:688][654]LogModuleManager: Shutting down and abandoning module Toolbox (364)
[2017.08.04-16.04.53:688][654]LogModuleManager: Shutting down and abandoning module ModuleUI (362)
[2017.08.04-16.04.53:688][654]LogModuleManager: Shutting down and abandoning module MovieSceneTools (360)
[2017.08.04-16.04.53:688][654]LogModuleManager: Shutting down and abandoning module OutputLog (358)
[2017.08.04-16.04.53:688][654]LogModuleManager: Shutting down and abandoning module GammaUI (356)
[2017.08.04-16.04.53:688][654]LogModuleManager: Shutting down and abandoning module Documentation (354)
[2017.08.04-16.04.53:690][654]LogModuleManager: Shutting down and abandoning module MovieSceneTracks (352)
[2017.08.04-16.04.53:690][654]LogModuleManager: Shutting down and abandoning module MovieScene (350)
[2017.08.04-16.04.53:690][654]LogModuleManager: Shutting down and abandoning module Niagara (348)
[2017.08.04-16.04.53:690][654]LogModuleManager: Shutting down and abandoning module NiagaraEditor (347)
[2017.08.04-16.04.53:690][654]LogModuleManager: Shutting down and abandoning module StreamingPauseRendering (344)
[2017.08.04-16.04.53:691][654]LogModuleManager: Shutting down and abandoning module AnalyticsET (342)
[2017.08.04-16.04.53:691][654]LogModuleManager: Shutting down and abandoning module PortalServices (340)
[2017.08.04-16.04.53:691][654]LogModuleManager: Shutting down and abandoning module PortalRpc (338)
[2017.08.04-16.04.53:691][654]LogModuleManager: Shutting down and abandoning module MessagingRpc (336)
[2017.08.04-16.04.53:691][654]LogModuleManager: Shutting down and abandoning module AIModule (334)
[2017.08.04-16.04.53:691][654]LogModuleManager: Shutting down and abandoning module GameplayDebugger (333)
[2017.08.04-16.04.53:691][654]LogModuleManager: Shutting down and abandoning module AITestSuite (331)
[2017.08.04-16.04.53:691][654]LogModuleManager: Shutting down and abandoning module ProfilerService (328)
[2017.08.04-16.04.53:864][654]LogModuleManager: Shutting down and abandoning module TaskGraph (326)
[2017.08.04-16.04.53:864][654]LogModuleManager: Shutting down and abandoning module SteamVRController (324)
[2017.08.04-16.04.53:864][654]LogModuleManager: Shutting down and abandoning module SteamVR (322)
[2017.08.04-16.04.53:864][654]LogModuleManager: Shutting down and abandoning module ProceduralMeshComponentEditor (320)
[2017.08.04-16.04.53:864][654]LogModuleManager: Shutting down and abandoning module ProceduralMeshComponent (318)
[2017.08.04-16.04.53:864][654]LogModuleManager: Shutting down and abandoning module OculusLibrary (316)
[2017.08.04-16.04.53:864][654]LogModuleManager: Shutting down and abandoning module OculusInput (314)
[2017.08.04-16.04.53:864][654]LogModuleManager: Shutting down and abandoning module MobilePatchingUtils (312)
[2017.08.04-16.04.53:864][654]LogModuleManager: Shutting down and abandoning module CustomMeshComponent (310)
[2017.08.04-16.04.53:864][654]LogModuleManager: Shutting down and abandoning module CableComponent (308)
[2017.08.04-16.04.53:864][654]LogModuleManager: Shutting down and abandoning module ArchVisCharacter (306)
[2017.08.04-16.04.53:864][654]LogModuleManager: Shutting down and abandoning module AndroidPermission (304)
[2017.08.04-16.04.53:864][654]LogModuleManager: Shutting down and abandoning module MediaPlayerEditor (300)
[2017.08.04-16.04.53:864][654]LogModuleManager: Shutting down and abandoning module HTML5Networking (298)
[2017.08.04-16.04.53:864][654]LogModuleManager: Shutting down and abandoning module AlembicImporter (296)
[2017.08.04-16.04.53:864][654]LogModuleManager: Shutting down and abandoning module AlembicLibrary (295)
[2017.08.04-16.04.53:865][654]LogModuleManager: Shutting down and abandoning module GeometryCache (294)
[2017.08.04-16.04.53:865][654]LogModuleManager: Shutting down and abandoning module GeometryCacheEd (293)
[2017.08.04-16.04.53:865][654]LogModuleManager: Shutting down and abandoning module SuperSearchEditor (288)
[2017.08.04-16.04.53:865][654]LogModuleManager: Shutting down and abandoning module SuperSearch (287)
[2017.08.04-16.04.53:865][654]LogModuleManager: Shutting down and abandoning module SpeedTreeImporter (284)
[2017.08.04-16.04.53:865][654]LogModuleManager: Shutting down and abandoning module PluginBrowser (282)
[2017.08.04-16.04.53:865][654]LogModuleManager: Shutting down and abandoning module MobileLauncherProfileWizard (280)
[2017.08.04-16.04.53:865][654]LogModuleManager: Shutting down and abandoning module VisualStudioSourceCodeAccess (278)
[2017.08.04-16.04.53:865][654]LogModuleManager: Shutting down and abandoning module DesktopPlatform (277)
[2017.08.04-16.04.53:865][654]LogModuleManager: Shutting down and abandoning module UObjectPlugin (274)
[2017.08.04-16.04.53:865][654]LogModuleManager: Shutting down and abandoning module SubversionSourceControl (272)
[2017.08.04-16.04.53:865][654]LogModuleManager: Shutting down and abandoning module PerforceSourceControl (270)
[2017.08.04-16.04.53:865][654]LogModuleManager: Shutting down and abandoning module GitSourceControl (268)
[2017.08.04-16.04.53:865][654]LogModuleManager: Shutting down and abandoning module SourceControl (267)
[2017.08.04-16.04.53:865][654]LogModuleManager: Shutting down and abandoning module LightPropagationVolumeEditor (264)
[2017.08.04-16.04.53:865][654]LogModuleManager: Shutting down and abandoning module PaperTiledImporter (262)
[2017.08.04-16.04.53:865][654]LogModuleManager: Shutting down and abandoning module PaperSpriteSheetImporter (260)
[2017.08.04-16.04.53:865][654]LogModuleManager: Shutting down and abandoning module Paper2DEditor (258)
[2017.08.04-16.04.53:865][654]LogModuleManager: Shutting down and abandoning module MeshPaint (257)
[2017.08.04-16.04.53:865][654]LogModuleManager: Shutting down and abandoning module LevelEditor (255)
[2017.08.04-16.04.53:868][654]LogModuleManager: Shutting down and abandoning module PixelInspectorModule (254)
[2017.08.04-16.04.53:868][654]LogModuleManager: Shutting down and abandoning module MainFrame (252)
[2017.08.04-16.04.53:868][654]LogModuleManager: Shutting down and abandoning module HotReload (251)
[2017.08.04-16.04.53:869][654]LogModuleManager: Shutting down and abandoning module PhysXVehiclesEditor (246)
[2017.08.04-16.04.53:869][654]LogModuleManager: Shutting down and abandoning module PhysXVehicles (244)
[2017.08.04-16.04.53:869][654]LogModuleManager: Shutting down and abandoning module LocationServicesBPLibrary (242)
[2017.08.04-16.04.53:869][654]LogModuleManager: Shutting down and abandoning module ImmediatePhysicsEditor (240)
[2017.08.04-16.04.53:869][654]LogModuleManager: Shutting down and abandoning module ImmediatePhysics (238)
[2017.08.04-16.04.53:869][654]LogModuleManager: Shutting down and abandoning module UdpMessaging (236)
[2017.08.04-16.04.53:970][654]LogModuleManager: Shutting down and abandoning module TcpMessaging (234)
[2017.08.04-16.04.54:070][654]LogModuleManager: Shutting down and abandoning module GameplayTagsEditor (232)
[2017.08.04-16.04.54:070][654]LogModuleManager: Shutting down and abandoning module FacialAnimationEditor (230)
[2017.08.04-16.04.54:070][654]LogModuleManager: Shutting down and abandoning module FacialAnimation (228)
[2017.08.04-16.04.54:070][654]LogModuleManager: Shutting down and abandoning module AssetManagerEditor (226)
[2017.08.04-16.04.54:070][654]LogModuleManager: Shutting down and abandoning module GraphEditor (225)
[2017.08.04-16.04.54:070][654]LogModuleManager: Shutting down and abandoning module ContentBrowser (223)
[2017.08.04-16.04.54:075][654]LogModuleManager: Shutting down and abandoning module LightPropagationVolumeRuntime (220)
[2017.08.04-16.04.54:075][654]LogModuleManager: Shutting down and abandoning module Paper2D (218)
[2017.08.04-16.04.54:075][654]LogModuleManager: Shutting down and abandoning module WindowsMoviePlayer (216)
[2017.08.04-16.04.54:075][654]LogModuleManager: Shutting down and abandoning module WmfMedia (214)
[2017.08.04-16.04.54:076][654]LogModuleManager: Shutting down and abandoning module ClothingSystemEditor (212)
[2017.08.04-16.04.54:076][654]LogModuleManager: Shutting down and abandoning module ClothingSystemRuntime (210)
[2017.08.04-16.04.54:076][654]LogModuleManager: Shutting down and abandoning module MediaAssets (208)
[2017.08.04-16.04.54:076][654]LogModuleManager: Shutting down and abandoning module GameLiveStreaming (206)
[2017.08.04-16.04.54:076][654]LogModuleManager: Shutting down and abandoning module VREditor (204)
[2017.08.04-16.04.54:076][654]LogModuleManager: Shutting down and abandoning module StringTableEditor (202)
[2017.08.04-16.04.54:076][654]LogModuleManager: Shutting down and abandoning module GameplayTasksEditor (200)
[2017.08.04-16.04.54:076][654]LogModuleManager: Shutting down and abandoning module BehaviorTreeEditor (198)
[2017.08.04-16.04.54:077][654]LogModuleManager: Shutting down and abandoning module FunctionalTesting (196)
[2017.08.04-16.04.54:077][654]LogModuleManager: Shutting down and abandoning module CollisionAnalyzer (194)
[2017.08.04-16.04.54:077][654]LogModuleManager: Shutting down and abandoning module UMG (192)
[2017.08.04-16.04.54:077][654]LogModuleManager: Shutting down and abandoning module UMGEditor (191)
[2017.08.04-16.04.54:077][654]LogModuleManager: Shutting down and abandoning module Sequencer (190)
[2017.08.04-16.04.54:077][654]LogModuleManager: Shutting down and abandoning module AssetTools (188)
[2017.08.04-16.04.54:077][654]LogModuleManager: Shutting down and abandoning module MessageLog (187)
[2017.08.04-16.04.54:077][654]LogModuleManager: Shutting down and abandoning module WorkspaceMenuStructure (186)
[2017.08.04-16.04.54:078][654]LogModuleManager: Shutting down and abandoning module SlateReflector (180)
[2017.08.04-16.04.54:078][654]LogModuleManager: Shutting down and abandoning module Slate (178)
[2017.08.04-16.04.54:078][654]LogModuleManager: Shutting down and abandoning module EditorStyle (176)
[2017.08.04-16.04.54:089][654]LogModuleManager: Shutting down and abandoning module SourceCodeAccess (174)
[2017.08.04-16.04.54:089][654]LogModuleManager: Shutting down and abandoning module HeadMountedDisplay (172)
[2017.08.04-16.04.54:089][654]LogModuleManager: Shutting down and abandoning module XAudio2 (170)
[2017.08.04-16.04.54:089][654]LogModuleManager: Shutting down and abandoning module Networking (168)
[2017.08.04-16.04.54:089][654]LogModuleManager: Shutting down and abandoning module Core (164)
[2017.08.04-16.04.54:089][654]LogModuleManager: Shutting down and abandoning module AssetRegistry (162)
[2017.08.04-16.04.54:290][654]LogDirectoryWatcher: A directory notification for '../../../Engine/Content/' was aborted.
[2017.08.04-16.04.54:290][654]LogDirectoryWatcher: A directory notification for '../../../../../../Users/Palomino Studio 2/Documents/GitHub/VikLeViking/Vikings/Content/' was aborted.
[2017.08.04-16.04.54:290][654]LogDirectoryWatcher: A directory notification for '../../../Engine/Plugins/2D/Paper2D/Content/' was aborted.
[2017.08.04-16.04.54:290][654]LogDirectoryWatcher: A directory notification for '../../../Engine/Plugins/Runtime/GearVR/Content/' was aborted.
[2017.08.04-16.04.54:296][654]LogModuleManager: Shutting down and abandoning module DirectoryWatcher (161)
[2017.08.04-16.04.54:300][654]LogModuleManager: Shutting down and abandoning module KismetCompiler (158)
[2017.08.04-16.04.54:300][654]LogModuleManager: Shutting down and abandoning module LevelSequence (156)
[2017.08.04-16.04.54:300][654]LogModuleManager: Shutting down and abandoning module PhysXFormats (154)
[2017.08.04-16.04.54:300][654]LogModuleManager: Shutting down and abandoning module MeshUtilities (152)
[2017.08.04-16.04.54:300][654]LogModuleManager: Shutting down and abandoning module SimplygonSwarm (151)
[2017.08.04-16.04.54:300][654]LogModuleManager: Shutting down and abandoning module SimplygonMeshReduction (149)
[2017.08.04-16.04.54:300][654]LogModuleManager: Shutting down and abandoning module QuadricMeshReduction (147)
[2017.08.04-16.04.54:300][654]LogModuleManager: Shutting down and abandoning module DerivedDataCache (144)
[2017.08.04-16.04.54:364][654]LogDerivedDataCache: Shutdown
[2017.08.04-16.04.54:364][654]LogModuleManager: Shutting down and abandoning module TargetPlatform (142)
[2017.08.04-16.04.54:365][654]LogModuleManager: Shutting down and abandoning module VulkanShaderFormat (141)
[2017.08.04-16.04.54:365][654]LogModuleManager: Shutting down and abandoning module ShaderFormatVectorVM (139)
[2017.08.04-16.04.54:365][654]LogModuleManager: Shutting down and abandoning module ShaderFormatOpenGL (137)
[2017.08.04-16.04.54:365][654]LogModuleManager: Shutting down and abandoning module ShaderFormatD3D (135)
[2017.08.04-16.04.54:365][654]LogModuleManager: Shutting down and abandoning module MetalShaderFormat (133)
[2017.08.04-16.04.54:365][654]LogModuleManager: Shutting down and abandoning module TextureFormatUncompressed (131)
[2017.08.04-16.04.54:365][654]LogModuleManager: Shutting down and abandoning module TextureFormatPVR (129)
[2017.08.04-16.04.54:365][654]LogModuleManager: Shutting down and abandoning module TextureFormatDXT (127)
[2017.08.04-16.04.54:365][654]LogModuleManager: Shutting down and abandoning module TextureFormatIntelISPCTexComp (125)
[2017.08.04-16.04.54:365][654]LogModuleManager: Shutting down and abandoning module TextureFormatASTC (123)
[2017.08.04-16.04.54:366][654]LogModuleManager: Shutting down and abandoning module ImageWrapper (122)
[2017.08.04-16.04.54:366][654]LogModuleManager: Shutting down and abandoning module TextureFormatAndroid (119)
[2017.08.04-16.04.54:366][654]LogModuleManager: Shutting down and abandoning module AudioFormatOpus (117)
[2017.08.04-16.04.54:366][654]LogModuleManager: Shutting down and abandoning module AudioFormatOgg (115)
[2017.08.04-16.04.54:366][654]LogModuleManager: Shutting down and abandoning module AudioFormatADPCM (113)
[2017.08.04-16.04.54:366][654]LogModuleManager: Shutting down and abandoning module LinuxTargetPlatform (111)
[2017.08.04-16.04.54:366][654]LogModuleManager: Shutting down and abandoning module LinuxServerTargetPlatform (109)
[2017.08.04-16.04.54:366][654]LogModuleManager: Shutting down and abandoning module LinuxNoEditorTargetPlatform (107)
[2017.08.04-16.04.54:366][654]LogModuleManager: Shutting down and abandoning module LinuxClientTargetPlatform (105)
[2017.08.04-16.04.54:366][654]LogModuleManager: Shutting down and abandoning module TVOSTargetPlatform (103)
[2017.08.04-16.04.54:366][654]LogModuleManager: Shutting down and abandoning module Messaging (101)
[2017.08.04-16.04.54:366][654]LogModuleManager: Shutting down and abandoning module IOSTargetPlatform (99)
[2017.08.04-16.04.54:366][654]LogModuleManager: Shutting down and abandoning module HTML5TargetPlatform (97)
[2017.08.04-16.04.54:366][654]LogModuleManager: Shutting down and abandoning module Android_PVRTCTargetPlatform (95)
[2017.08.04-16.04.54:366][654]LogModuleManager: Shutting down and abandoning module Android_MultiTargetPlatform (93)
[2017.08.04-16.04.54:366][654]LogModuleManager: Shutting down and abandoning module Android_ETC2TargetPlatform (91)
[2017.08.04-16.04.54:366][654]LogModuleManager: Shutting down and abandoning module Android_ETC1TargetPlatform (89)
[2017.08.04-16.04.54:366][654]LogModuleManager: Shutting down and abandoning module Android_DXTTargetPlatform (87)
[2017.08.04-16.04.54:366][654]LogModuleManager: Shutting down and abandoning module Android_ATCTargetPlatform (85)
[2017.08.04-16.04.54:366][654]LogModuleManager: Shutting down and abandoning module Android_ASTCTargetPlatform (83)
[2017.08.04-16.04.54:366][654]LogModuleManager: Shutting down and abandoning module AndroidTargetPlatform (81)
[2017.08.04-16.04.54:366][654]LogModuleManager: Shutting down and abandoning module WindowsTargetPlatform (79)
[2017.08.04-16.04.54:367][654]LogModuleManager: Shutting down and abandoning module WindowsServerTargetPlatform (77)
[2017.08.04-16.04.54:367][654]LogModuleManager: Shutting down and abandoning module WindowsNoEditorTargetPlatform (75)
[2017.08.04-16.04.54:367][654]LogModuleManager: Shutting down and abandoning module WindowsClientTargetPlatform (73)
[2017.08.04-16.04.54:367][654]LogModuleManager: Shutting down and abandoning module MacTargetPlatform (71)
[2017.08.04-16.04.54:367][654]LogModuleManager: Shutting down and abandoning module MacServerTargetPlatform (69)
[2017.08.04-16.04.54:367][654]LogModuleManager: Shutting down and abandoning module MacNoEditorTargetPlatform (67)
[2017.08.04-16.04.54:367][654]LogModuleManager: Shutting down and abandoning module MacClientTargetPlatform (65)
[2017.08.04-16.04.54:367][654]LogModuleManager: Shutting down and abandoning module AllDesktopTargetPlatform (63)
[2017.08.04-16.04.54:367][654]LogModuleManager: Shutting down and abandoning module InputCore (60)
[2017.08.04-16.04.54:367][654]LogModuleManager: Shutting down and abandoning module Settings (58)
[2017.08.04-16.04.54:367][654]LogModuleManager: Shutting down and abandoning module OculusRift (56)
[2017.08.04-16.04.54:367][654]LogModuleManager: Shutting down and abandoning module GearVRController (54)
[2017.08.04-16.04.54:367][654]LogModuleManager: Shutting down and abandoning module GearVR (52)
[2017.08.04-16.04.54:367][654]LogModuleManager: Shutting down and abandoning module ExampleDeviceProfileSelector (50)
[2017.08.04-16.04.54:367][654]LogModuleManager: Shutting down and abandoning module OnlineBlueprintSupport (48)
[2017.08.04-16.04.54:367][654]LogModuleManager: Shutting down and abandoning module OnlineSubsystem (44)
[2017.08.04-16.04.54:367][654]LogOnline:Display: Unloading online subsystem: NULL
[2017.08.04-16.04.54:367][654]LogModuleManager: Shutting down and abandoning module XMPP (43)
[2017.08.04-16.04.54:367][654]LogModuleManager: Shutting down and abandoning module HTTP (41)
[2017.08.04-16.04.54:367][654]LogHttp:Display: Http module shutting down, but needs to wait on 1 outstanding Http requests:
[2017.08.04-16.04.54:368][654]LogHttp:Display: 	verb=[POST] url=[https://datarouter.ol.epicgames.com/datarouter/api/v1/public/data?SessionID=%7B41CC2473-427A-9E4C-768C-5396152CAB1B%7D&AppID=UEEditor.Rocket.Release&AppVersion=4.16.3-3561208%2B%2B%2BUE4%2BRelease-4.16&UserID=95ead52a4d3beb994cc7cfb9b08b47bb%7Cce3848e9d8be4d73baf979a997a2f88a%7Cdc75d1dd-41c9-4aca-9ac0-486e41c65438&AppEnvironment=datacollector-binary&UploadType=eteventstream] status=Processing
[2017.08.04-16.04.54:398][654]LogModuleManager: Shutting down and abandoning module SSL (40)
[2017.08.04-16.04.54:402][654]LogModuleManager: Shutting down and abandoning module HTTPChunkInstaller (36)
[2017.08.04-16.04.54:402][654]LogModuleManager: Shutting down and abandoning module AnimationModifiers (34)
[2017.08.04-16.04.54:402][654]LogModuleManager: Shutting down and abandoning module PropertyEditor (33)
[2017.08.04-16.04.54:403][654]LogModuleManager: Shutting down and abandoning module AudioEditor (30)
[2017.08.04-16.04.54:403][654]LogModuleManager: Shutting down and abandoning module TextureCompressor (28)
[2017.08.04-16.04.54:403][654]LogModuleManager: Shutting down and abandoning module ShaderCore (26)
[2017.08.04-16.04.54:403][654]LogModuleManager: Shutting down and abandoning module Landscape (24)
[2017.08.04-16.04.54:403][654]LogModuleManager: Shutting down and abandoning module SlateRHIRenderer (22)
[2017.08.04-16.04.54:418][654]LogModuleManager: Shutting down and abandoning module OpenGLDrv (20)
[2017.08.04-16.04.54:418][654]LogModuleManager: Shutting down and abandoning module D3D11RHI (18)
[2017.08.04-16.04.54:418][654]LogModuleManager: Shutting down and abandoning module AnimGraphRuntime (16)
[2017.08.04-16.04.54:418][654]LogModuleManager: Shutting down and abandoning module Renderer (14)
[2017.08.04-16.04.54:418][654]LogModuleManager: Shutting down and abandoning module Engine (12)
[2017.08.04-16.04.54:418][654]LogModuleManager: Shutting down and abandoning module CoreUObject (10)
[2017.08.04-16.04.54:418][654]LogModuleManager: Shutting down and abandoning module NetworkFile (8)
[2017.08.04-16.04.54:418][654]LogModuleManager: Shutting down and abandoning module StreamingFile (6)
[2017.08.04-16.04.54:418][654]LogModuleManager: Shutting down and abandoning module SandboxFile (4)
[2017.08.04-16.04.54:418][654]LogModuleManager: Shutting down and abandoning module PakFile (2)
[2017.08.04-16.04.54:422][654]LogExit: Exiting.
[2017.08.04-16.04.54:444][654]Log file closed, 08/04/17 18:04:54
